<?xml version="1.0" encoding="UTF-8"?>
<testsuite xmlns:xsi="http://www.w3.org/2001/XMLSchema-instance" xsi:noNamespaceSchemaLocation="https://maven.apache.org/surefire/maven-surefire-plugin/xsd/surefire-test-report-3.0.xsd" version="3.0" name="com.insurance.claim.exception.GlobalExceptionHandlerTest" time="0.753" tests="10" errors="0" skipped="0" failures="0">
  <properties>
[...]
</properties>
  <testcase name="handlePolicyInactive_Returns400WithCorrectError" classname="com.insurance.claim.exception.GlobalExceptionHandlerTest" time="0.54">
    <system-out><![CDATA[15:05:10.473 [main] WARN com.insurance.claim.exception.GlobalExceptionHandler -- Policy inactive: Policy POL-10004 is not active. Current status: INACTIVE
]]></system-out>
    <system-err><![CDATA[java.lang.instrument.IllegalClassFormatException: Error while instrumenting javax/sql/DataSource with JaCoCo 0.8.11.202310140853/f33756c.
	at org.jacoco.agent.rt.internal_4742761.CoverageTransformer.transform(CoverageTransformer.java:94)
	at java.instrument/java.lang.instrument.ClassFileTransformer.transform(ClassFileTransformer.java:257)
	at java.instrument/sun.instrument.TransformerManager.transform(TransformerManager.java:188)
	at java.instrument/sun.instrument.InstrumentationImpl.transform(InstrumentationImpl.java:594)
	at java.base/java.lang.ClassLoader.defineClass2(Native Method)
	at java.base/java.lang.ClassLoader.defineClass(ClassLoader.java:1052)
	at java.base/java.security.SecureClassLoader.defineClass(SecureClassLoader.java:176)
	at java.base/jdk.internal.loader.BuiltinClassLoader.defineClass(BuiltinClassLoader.java:735)
	at java.base/jdk.internal.loader.BuiltinClassLoader.findClassInModuleOrNull(BuiltinClassLoader.java:678)
	at java.base/jdk.internal.loader.BuiltinClassLoader.loadClassOrNull(BuiltinClassLoader.java:604)
	at java.base/jdk.internal.loader.BuiltinClassLoader.loadClassOrNull(BuiltinClassLoader.java:639)
	at java.base/jdk.internal.loader.BuiltinClassLoader.loadClassOrNull(BuiltinClassLoader.java:608)
	at java.base/jdk.internal.loader.BuiltinClassLoader.loadClass(BuiltinClassLoader.java:578)
	at java.base/java.lang.ClassLoader.loadClass(ClassLoader.java:490)
	at java.base/java.lang.Class.getDeclaredMethods0(Native Method)
	at java.base/java.lang.Class.privateGetDeclaredMethods(Class.java:3010)
	at java.base/java.lang.Class.getMethodsRecursive(Class.java:3146)
	at java.base/java.lang.Class.getMethod0(Class.java:3131)
	at java.base/java.lang.Class.getMethod(Class.java:2164)
	at java.base/java.lang.Class.getEnumConstantsShared(Class.java:3436)
	at java.base/java.lang.Class.enumConstantDirectory(Class.java:3462)
	at java.base/java.lang.Enum.valueOf(Enum.java:287)
	at java.base/sun.reflect.annotation.AnnotationParser.parseEnumValue(AnnotationParser.java:473)
	at java.base/sun.reflect.annotation.AnnotationParser.parseMemberValue(AnnotationParser.java:340)
	at java.base/java.lang.reflect.Method.getDefaultValue(Method.java:757)
	at java.base/sun.reflect.annotation.AnnotationType.<init>(AnnotationType.java:126)
	at java.base/sun.reflect.annotation.AnnotationType.getInstance(AnnotationType.java:84)
	at java.base/sun.reflect.annotation.AnnotationParser.parseAnnotation2(AnnotationParser.java:261)
	at java.base/sun.reflect.annotation.AnnotationParser.parseAnnotations2(AnnotationParser.java:120)
	at java.base/sun.reflect.annotation.AnnotationParser.parseAnnotations(AnnotationParser.java:72)
	at java.base/java.lang.Class.createAnnotationData(Class.java:3671)
	at java.base/java.lang.Class.annotationData(Class.java:3660)
	at java.base/java.lang.Class.getDeclaredAnnotation(Class.java:3599)
	at org.junit.platform.commons.util.AnnotationUtils.findAnnotation(AnnotationUtils.java:150)
	at org.junit.platform.commons.util.AnnotationUtils.findMetaAnnotation(AnnotationUtils.java:198)
	at org.junit.platform.commons.util.AnnotationUtils.findAnnotation(AnnotationUtils.java:156)
	at org.junit.platform.commons.util.AnnotationUtils.findAnnotation(AnnotationUtils.java:137)
	at org.junit.jupiter.engine.descriptor.DisplayNameUtils.determineDisplayName(DisplayNameUtils.java:74)
	at org.junit.jupiter.engine.descriptor.JupiterTestDescriptor.<init>(JupiterTestDescriptor.java:69)
	at org.junit.jupiter.engine.descriptor.ClassBasedTestDescriptor.<init>(ClassBasedTestDescriptor.java:101)
	at org.junit.jupiter.engine.descriptor.ClassTestDescriptor.<init>(ClassTestDescriptor.java:51)
	at org.junit.jupiter.engine.discovery.ClassSelectorResolver.newClassTestDescriptor(ClassSelectorResolver.java:119)
	at org.junit.jupiter.engine.discovery.ClassSelectorResolver.lambda$resolve$0(ClassSelectorResolver.java:71)
	at org.junit.platform.engine.support.discovery.EngineDiscoveryRequestResolution$DefaultContext.createAndAdd(EngineDiscoveryRequestResolution.java:250)
	at org.junit.platform.engine.support.discovery.EngineDiscoveryRequestResolution$DefaultContext.addToParent(EngineDiscoveryRequestResolution.java:213)
	at org.junit.jupiter.engine.discovery.ClassSelectorResolver.resolve(ClassSelectorResolver.java:71)
	at org.junit.platform.engine.support.discovery.EngineDiscoveryRequestResolution.lambda$resolve$2(EngineDiscoveryRequestResolution.java:135)
	at java.base/java.util.stream.ReferencePipeline$3$1.accept(ReferencePipeline.java:214)
	at java.base/java.util.ArrayList$ArrayListSpliterator.tryAdvance(ArrayList.java:1693)
	at java.base/java.util.stream.ReferencePipeline.forEachWithCancel(ReferencePipeline.java:147)
	at java.base/java.util.stream.AbstractPipeline.copyIntoWithCancel(AbstractPipeline.java:588)
	at java.base/java.util.stream.AbstractPipeline.copyInto(AbstractPipeline.java:574)
	at java.base/java.util.stream.AbstractPipeline.wrapAndCopyInto(AbstractPipeline.java:560)
	at java.base/java.util.stream.FindOps$FindOp.evaluateSequential(FindOps.java:150)
	at java.base/java.util.stream.AbstractPipeline.evaluate(AbstractPipeline.java:265)
	at java.base/java.util.stream.ReferencePipeline.findFirst(ReferencePipeline.java:683)
	at org.junit.platform.engine.support.discovery.EngineDiscoveryRequestResolution.resolve(EngineDiscoveryRequestResolution.java:189)
	at org.junit.platform.engine.support.discovery.EngineDiscoveryRequestResolution.resolve(EngineDiscoveryRequestResolution.java:126)
	at org.junit.platform.engine.support.discovery.EngineDiscoveryRequestResolution.resolveCompletely(EngineDiscoveryRequestResolution.java:92)
	at org.junit.platform.engine.support.discovery.EngineDiscoveryRequestResolution.run(EngineDiscoveryRequestResolution.java:83)
	at org.junit.platform.engine.support.discovery.EngineDiscoveryRequestResolver.resolve(EngineDiscoveryRequestResolver.java:113)
	at org.junit.jupiter.engine.discovery.DiscoverySelectorResolver.resolveSelectors(DiscoverySelectorResolver.java:46)
	at org.junit.jupiter.engine.JupiterTestEngine.discover(JupiterTestEngine.java:69)
	at org.junit.platform.launcher.core.EngineDiscoveryOrchestrator.discoverEngineRoot(EngineDiscoveryOrchestrator.java:152)
	at org.junit.platform.launcher.core.EngineDiscoveryOrchestrator.discoverSafely(EngineDiscoveryOrchestrator.java:132)
	at org.junit.platform.launcher.core.EngineDiscoveryOrchestrator.discover(EngineDiscoveryOrchestrator.java:107)
	at org.junit.platform.launcher.core.EngineDiscoveryOrchestrator.discover(EngineDiscoveryOrchestrator.java:78)
	at org.junit.platform.launcher.core.DefaultLauncher.discover(DefaultLauncher.java:99)
	at org.junit.platform.launcher.core.DefaultLauncher.discover(DefaultLauncher.java:77)
	at org.junit.platform.launcher.core.DelegatingLauncher.discover(DelegatingLauncher.java:42)
	at org.apache.maven.surefire.junitplatform.LazyLauncher.discover(LazyLauncher.java:50)
	at org.apache.maven.surefire.junitplatform.TestPlanScannerFilter.accept(TestPlanScannerFilter.java:52)
	at org.apache.maven.surefire.api.util.DefaultScanResult.applyFilter(DefaultScanResult.java:87)
	at org.apache.maven.surefire.junitplatform.JUnitPlatformProvider.scanClasspath(JUnitPlatformProvider.java:142)
	at org.apache.maven.surefire.junitplatform.JUnitPlatformProvider.invoke(JUnitPlatformProvider.java:122)
	at org.apache.maven.surefire.booter.ForkedBooter.runSuitesInProcess(ForkedBooter.java:385)
	at org.apache.maven.surefire.booter.ForkedBooter.execute(ForkedBooter.java:162)
	at org.apache.maven.surefire.booter.ForkedBooter.run(ForkedBooter.java:507)
	at org.apache.maven.surefire.booter.ForkedBooter.main(ForkedBooter.java:495)
Caused by: java.io.IOException: Error while instrumenting javax/sql/DataSource with JaCoCo 0.8.11.202310140853/f33756c.
	at org.jacoco.agent.rt.internal_4742761.core.instr.Instrumenter.instrumentError(Instrumenter.java:161)
	at org.jacoco.agent.rt.internal_4742761.core.instr.Instrumenter.instrument(Instrumenter.java:111)
	at org.jacoco.agent.rt.internal_4742761.CoverageTransformer.transform(CoverageTransformer.java:92)
	... 78 more
Caused by: java.lang.IllegalArgumentException: Unsupported class file major version 69
	at org.jacoco.agent.rt.internal_4742761.asm.ClassReader.<init>(ClassReader.java:200)
	at org.jacoco.agent.rt.internal_4742761.asm.ClassReader.<init>(ClassReader.java:180)
	at org.jacoco.agent.rt.internal_4742761.asm.ClassReader.<init>(ClassReader.java:166)
	at org.jacoco.agent.rt.internal_4742761.core.internal.instr.InstrSupport.classReaderFor(InstrSupport.java:280)
	at org.jacoco.agent.rt.internal_4742761.core.instr.Instrumenter.instrument(Instrumenter.java:77)
	at org.jacoco.agent.rt.internal_4742761.core.instr.Instrumenter.instrument(Instrumenter.java:109)
	... 79 more
java.lang.instrument.IllegalClassFormatException: Error while instrumenting javax/sql/CommonDataSource with JaCoCo 0.8.11.202310140853/f33756c.
	at org.jacoco.agent.rt.internal_4742761.CoverageTransformer.transform(CoverageTransformer.java:94)
	at java.instrument/java.lang.instrument.ClassFileTransformer.transform(ClassFileTransformer.java:257)
	at java.instrument/sun.instrument.TransformerManager.transform(TransformerManager.java:188)
	at java.instrument/sun.instrument.InstrumentationImpl.transform(InstrumentationImpl.java:594)
	at java.base/java.lang.ClassLoader.defineClass2(Native Method)
	at java.base/java.lang.ClassLoader.defineClass(ClassLoader.java:1052)
	at java.base/java.security.SecureClassLoader.defineClass(SecureClassLoader.java:176)
	at java.base/jdk.internal.loader.BuiltinClassLoader.defineClass(BuiltinClassLoader.java:735)
	at java.base/jdk.internal.loader.BuiltinClassLoader.findClassInModuleOrNull(BuiltinClassLoader.java:678)
	at java.base/jdk.internal.loader.BuiltinClassLoader.loadClassOrNull(BuiltinClassLoader.java:604)
	at java.base/jdk.internal.loader.BuiltinClassLoader.loadClass(BuiltinClassLoader.java:578)
	at java.base/java.lang.ClassLoader.loadClass(ClassLoader.java:490)
	at java.base/java.lang.ClassLoader.defineClass2(Native Method)
	at java.base/java.lang.ClassLoader.defineClass(ClassLoader.java:1052)
	at java.base/java.security.SecureClassLoader.defineClass(SecureClassLoader.java:176)
	at java.base/jdk.internal.loader.BuiltinClassLoader.defineClass(BuiltinClassLoader.java:735)
	at java.base/jdk.internal.loader.BuiltinClassLoader.findClassInModuleOrNull(BuiltinClassLoader.java:678)
	at java.base/jdk.internal.loader.BuiltinClassLoader.loadClassOrNull(BuiltinClassLoader.java:604)
	at java.base/jdk.internal.loader.BuiltinClassLoader.loadClassOrNull(BuiltinClassLoader.java:639)
	at java.base/jdk.internal.loader.BuiltinClassLoader.loadClassOrNull(BuiltinClassLoader.java:608)
	at java.base/jdk.internal.loader.BuiltinClassLoader.loadClass(BuiltinClassLoader.java:578)
	at java.base/java.lang.ClassLoader.loadClass(ClassLoader.java:490)
	at java.base/java.lang.Class.getDeclaredMethods0(Native Method)
	at java.base/java.lang.Class.privateGetDeclaredMethods(Class.java:3010)
	at java.base/java.lang.Class.getMethodsRecursive(Class.java:3146)
	at java.base/java.lang.Class.getMethod0(Class.java:3131)
	at java.base/java.lang.Class.getMethod(Class.java:2164)
	at java.base/java.lang.Class.getEnumConstantsShared(Class.java:3436)
	at java.base/java.lang.Class.enumConstantDirectory(Class.java:3462)
	at java.base/java.lang.Enum.valueOf(Enum.java:287)
	at java.base/sun.reflect.annotation.AnnotationParser.parseEnumValue(AnnotationParser.java:473)
	at java.base/sun.reflect.annotation.AnnotationParser.parseMemberValue(AnnotationParser.java:340)
	at java.base/java.lang.reflect.Method.getDefaultValue(Method.java:757)
	at java.base/sun.reflect.annotation.AnnotationType.<init>(AnnotationType.java:126)
	at java.base/sun.reflect.annotation.AnnotationType.getInstance(AnnotationType.java:84)
	at java.base/sun.reflect.annotation.AnnotationParser.parseAnnotation2(AnnotationParser.java:261)
	at java.base/sun.reflect.annotation.AnnotationParser.parseAnnotations2(AnnotationParser.java:120)
	at java.base/sun.reflect.annotation.AnnotationParser.parseAnnotations(AnnotationParser.java:72)
	at java.base/java.lang.Class.createAnnotationData(Class.java:3671)
	at java.base/java.lang.Class.annotationData(Class.java:3660)
	at java.base/java.lang.Class.getDeclaredAnnotation(Class.java:3599)
	at org.junit.platform.commons.util.AnnotationUtils.findAnnotation(AnnotationUtils.java:150)
	at org.junit.platform.commons.util.AnnotationUtils.findMetaAnnotation(AnnotationUtils.java:198)
	at org.junit.platform.commons.util.AnnotationUtils.findAnnotation(AnnotationUtils.java:156)
	at org.junit.platform.commons.util.AnnotationUtils.findAnnotation(AnnotationUtils.java:137)
	at org.junit.jupiter.engine.descriptor.DisplayNameUtils.determineDisplayName(DisplayNameUtils.java:74)
	at org.junit.jupiter.engine.descriptor.JupiterTestDescriptor.<init>(JupiterTestDescriptor.java:69)
	at org.junit.jupiter.engine.descriptor.ClassBasedTestDescriptor.<init>(ClassBasedTestDescriptor.java:101)
	at org.junit.jupiter.engine.descriptor.ClassTestDescriptor.<init>(ClassTestDescriptor.java:51)
	at org.junit.jupiter.engine.discovery.ClassSelectorResolver.newClassTestDescriptor(ClassSelectorResolver.java:119)
	at org.junit.jupiter.engine.discovery.ClassSelectorResolver.lambda$resolve$0(ClassSelectorResolver.java:71)
	at org.junit.platform.engine.support.discovery.EngineDiscoveryRequestResolution$DefaultContext.createAndAdd(EngineDiscoveryRequestResolution.java:250)
	at org.junit.platform.engine.support.discovery.EngineDiscoveryRequestResolution$DefaultContext.addToParent(EngineDiscoveryRequestResolution.java:213)
	at org.junit.jupiter.engine.discovery.ClassSelectorResolver.resolve(ClassSelectorResolver.java:71)
	at org.junit.platform.engine.support.discovery.EngineDiscoveryRequestResolution.lambda$resolve$2(EngineDiscoveryRequestResolution.java:135)
	at java.base/java.util.stream.ReferencePipeline$3$1.accept(ReferencePipeline.java:214)
	at java.base/java.util.ArrayList$ArrayListSpliterator.tryAdvance(ArrayList.java:1693)
	at java.base/java.util.stream.ReferencePipeline.forEachWithCancel(ReferencePipeline.java:147)
	at java.base/java.util.stream.AbstractPipeline.copyIntoWithCancel(AbstractPipeline.java:588)
	at java.base/java.util.stream.AbstractPipeline.copyInto(AbstractPipeline.java:574)
	at java.base/java.util.stream.AbstractPipeline.wrapAndCopyInto(AbstractPipeline.java:560)
	at java.base/java.util.stream.FindOps$FindOp.evaluateSequential(FindOps.java:150)
	at java.base/java.util.stream.AbstractPipeline.evaluate(AbstractPipeline.java:265)
	at java.base/java.util.stream.ReferencePipeline.findFirst(ReferencePipeline.java:683)
	at org.junit.platform.engine.support.discovery.EngineDiscoveryRequestResolution.resolve(EngineDiscoveryRequestResolution.java:189)
	at org.junit.platform.engine.support.discovery.EngineDiscoveryRequestResolution.resolve(EngineDiscoveryRequestResolution.java:126)
	at org.junit.platform.engine.support.discovery.EngineDiscoveryRequestResolution.resolveCompletely(EngineDiscoveryRequestResolution.java:92)
	at org.junit.platform.engine.support.discovery.EngineDiscoveryRequestResolution.run(EngineDiscoveryRequestResolution.java:83)
	at org.junit.platform.engine.support.discovery.EngineDiscoveryRequestResolver.resolve(EngineDiscoveryRequestResolver.java:113)
	at org.junit.jupiter.engine.discovery.DiscoverySelectorResolver.resolveSelectors(DiscoverySelectorResolver.java:46)
	at org.junit.jupiter.engine.JupiterTestEngine.discover(JupiterTestEngine.java:69)
	at org.junit.platform.launcher.core.EngineDiscoveryOrchestrator.discoverEngineRoot(EngineDiscoveryOrchestrator.java:152)
	at org.junit.platform.launcher.core.EngineDiscoveryOrchestrator.discoverSafely(EngineDiscoveryOrchestrator.java:132)
	at org.junit.platform.launcher.core.EngineDiscoveryOrchestrator.discover(EngineDiscoveryOrchestrator.java:107)
	at org.junit.platform.launcher.core.EngineDiscoveryOrchestrator.discover(EngineDiscoveryOrchestrator.java:78)
	at org.junit.platform.launcher.core.DefaultLauncher.discover(DefaultLauncher.java:99)
	at org.junit.platform.launcher.core.DefaultLauncher.discover(DefaultLauncher.java:77)
	at org.junit.platform.launcher.core.DelegatingLauncher.discover(DelegatingLauncher.java:42)
	at org.apache.maven.surefire.junitplatform.LazyLauncher.discover(LazyLauncher.java:50)
	at org.apache.maven.surefire.junitplatform.TestPlanScannerFilter.accept(TestPlanScannerFilter.java:52)
	at org.apache.maven.surefire.api.util.DefaultScanResult.applyFilter(DefaultScanResult.java:87)
	at org.apache.maven.surefire.junitplatform.JUnitPlatformProvider.scanClasspath(JUnitPlatformProvider.java:142)
	at org.apache.maven.surefire.junitplatform.JUnitPlatformProvider.invoke(JUnitPlatformProvider.java:122)
	at org.apache.maven.surefire.booter.ForkedBooter.runSuitesInProcess(ForkedBooter.java:385)
	at org.apache.maven.surefire.booter.ForkedBooter.execute(ForkedBooter.java:162)
	at org.apache.maven.surefire.booter.ForkedBooter.run(ForkedBooter.java:507)
	at org.apache.maven.surefire.booter.ForkedBooter.main(ForkedBooter.java:495)
Caused by: java.io.IOException: Error while instrumenting javax/sql/CommonDataSource with JaCoCo 0.8.11.202310140853/f33756c.
	at org.jacoco.agent.rt.internal_4742761.core.instr.Instrumenter.instrumentError(Instrumenter.java:161)
	at org.jacoco.agent.rt.internal_4742761.core.instr.Instrumenter.instrument(Instrumenter.java:111)
	at org.jacoco.agent.rt.internal_4742761.CoverageTransformer.transform(CoverageTransformer.java:92)
	... 86 more
Caused by: java.lang.IllegalArgumentException: Unsupported class file major version 69
	at org.jacoco.agent.rt.internal_4742761.asm.ClassReader.<init>(ClassReader.java:200)
	at org.jacoco.agent.rt.internal_4742761.asm.ClassReader.<init>(ClassReader.java:180)
	at org.jacoco.agent.rt.internal_4742761.asm.ClassReader.<init>(ClassReader.java:166)
	at org.jacoco.agent.rt.internal_4742761.core.internal.instr.InstrSupport.classReaderFor(InstrSupport.java:280)
	at org.jacoco.agent.rt.internal_4742761.core.instr.Instrumenter.instrument(Instrumenter.java:77)
	at org.jacoco.agent.rt.internal_4742761.core.instr.Instrumenter.instrument(Instrumenter.java:109)
	... 87 more
java.lang.instrument.IllegalClassFormatException: Error while instrumenting java/sql/Wrapper with JaCoCo 0.8.11.202310140853/f33756c.
	at org.jacoco.agent.rt.internal_4742761.CoverageTransformer.transform(CoverageTransformer.java:94)
	at java.instrument/java.lang.instrument.ClassFileTransformer.transform(ClassFileTransformer.java:257)
	at java.instrument/sun.instrument.TransformerManager.transform(TransformerManager.java:188)
	at java.instrument/sun.instrument.InstrumentationImpl.transform(InstrumentationImpl.java:594)
	at java.base/java.lang.ClassLoader.defineClass2(Native Method)
	at java.base/java.lang.ClassLoader.defineClass(ClassLoader.java:1052)
	at java.base/java.security.SecureClassLoader.defineClass(SecureClassLoader.java:176)
	at java.base/jdk.internal.loader.BuiltinClassLoader.defineClass(BuiltinClassLoader.java:735)
	at java.base/jdk.internal.loader.BuiltinClassLoader.findClassInModuleOrNull(BuiltinClassLoader.java:678)
	at java.base/jdk.internal.loader.BuiltinClassLoader.loadClassOrNull(BuiltinClassLoader.java:604)
	at java.base/jdk.internal.loader.BuiltinClassLoader.loadClass(BuiltinClassLoader.java:578)
	at java.base/java.lang.ClassLoader.loadClass(ClassLoader.java:490)
	at java.base/java.lang.ClassLoader.defineClass2(Native Method)
	at java.base/java.lang.ClassLoader.defineClass(ClassLoader.java:1052)
	at java.base/java.security.SecureClassLoader.defineClass(SecureClassLoader.java:176)
	at java.base/jdk.internal.loader.BuiltinClassLoader.defineClass(BuiltinClassLoader.java:735)
	at java.base/jdk.internal.loader.BuiltinClassLoader.findClassInModuleOrNull(BuiltinClassLoader.java:678)
	at java.base/jdk.internal.loader.BuiltinClassLoader.loadClassOrNull(BuiltinClassLoader.java:604)
	at java.base/jdk.internal.loader.BuiltinClassLoader.loadClassOrNull(BuiltinClassLoader.java:639)
	at java.base/jdk.internal.loader.BuiltinClassLoader.loadClassOrNull(BuiltinClassLoader.java:608)
	at java.base/jdk.internal.loader.BuiltinClassLoader.loadClass(BuiltinClassLoader.java:578)
	at java.base/java.lang.ClassLoader.loadClass(ClassLoader.java:490)
	at java.base/java.lang.Class.getDeclaredMethods0(Native Method)
	at java.base/java.lang.Class.privateGetDeclaredMethods(Class.java:3010)
	at java.base/java.lang.Class.getMethodsRecursive(Class.java:3146)
	at java.base/java.lang.Class.getMethod0(Class.java:3131)
	at java.base/java.lang.Class.getMethod(Class.java:2164)
	at java.base/java.lang.Class.getEnumConstantsShared(Class.java:3436)
	at java.base/java.lang.Class.enumConstantDirectory(Class.java:3462)
	at java.base/java.lang.Enum.valueOf(Enum.java:287)
	at java.base/sun.reflect.annotation.AnnotationParser.parseEnumValue(AnnotationParser.java:473)
	at java.base/sun.reflect.annotation.AnnotationParser.parseMemberValue(AnnotationParser.java:340)
	at java.base/java.lang.reflect.Method.getDefaultValue(Method.java:757)
	at java.base/sun.reflect.annotation.AnnotationType.<init>(AnnotationType.java:126)
	at java.base/sun.reflect.annotation.AnnotationType.getInstance(AnnotationType.java:84)
	at java.base/sun.reflect.annotation.AnnotationParser.parseAnnotation2(AnnotationParser.java:261)
	at java.base/sun.reflect.annotation.AnnotationParser.parseAnnotations2(AnnotationParser.java:120)
	at java.base/sun.reflect.annotation.AnnotationParser.parseAnnotations(AnnotationParser.java:72)
	at java.base/java.lang.Class.createAnnotationData(Class.java:3671)
	at java.base/java.lang.Class.annotationData(Class.java:3660)
	at java.base/java.lang.Class.getDeclaredAnnotation(Class.java:3599)
	at org.junit.platform.commons.util.AnnotationUtils.findAnnotation(AnnotationUtils.java:150)
	at org.junit.platform.commons.util.AnnotationUtils.findMetaAnnotation(AnnotationUtils.java:198)
	at org.junit.platform.commons.util.AnnotationUtils.findAnnotation(AnnotationUtils.java:156)
	at org.junit.platform.commons.util.AnnotationUtils.findAnnotation(AnnotationUtils.java:137)
	at org.junit.jupiter.engine.descriptor.DisplayNameUtils.determineDisplayName(DisplayNameUtils.java:74)
	at org.junit.jupiter.engine.descriptor.JupiterTestDescriptor.<init>(JupiterTestDescriptor.java:69)
	at org.junit.jupiter.engine.descriptor.ClassBasedTestDescriptor.<init>(ClassBasedTestDescriptor.java:101)
	at org.junit.jupiter.engine.descriptor.ClassTestDescriptor.<init>(ClassTestDescriptor.java:51)
	at org.junit.jupiter.engine.discovery.ClassSelectorResolver.newClassTestDescriptor(ClassSelectorResolver.java:119)
	at org.junit.jupiter.engine.discovery.ClassSelectorResolver.lambda$resolve$0(ClassSelectorResolver.java:71)
	at org.junit.platform.engine.support.discovery.EngineDiscoveryRequestResolution$DefaultContext.createAndAdd(EngineDiscoveryRequestResolution.java:250)
	at org.junit.platform.engine.support.discovery.EngineDiscoveryRequestResolution$DefaultContext.addToParent(EngineDiscoveryRequestResolution.java:213)
	at org.junit.jupiter.engine.discovery.ClassSelectorResolver.resolve(ClassSelectorResolver.java:71)
	at org.junit.platform.engine.support.discovery.EngineDiscoveryRequestResolution.lambda$resolve$2(EngineDiscoveryRequestResolution.java:135)
	at java.base/java.util.stream.ReferencePipeline$3$1.accept(ReferencePipeline.java:214)
	at java.base/java.util.ArrayList$ArrayListSpliterator.tryAdvance(ArrayList.java:1693)
	at java.base/java.util.stream.ReferencePipeline.forEachWithCancel(ReferencePipeline.java:147)
	at java.base/java.util.stream.AbstractPipeline.copyIntoWithCancel(AbstractPipeline.java:588)
	at java.base/java.util.stream.AbstractPipeline.copyInto(AbstractPipeline.java:574)
	at java.base/java.util.stream.AbstractPipeline.wrapAndCopyInto(AbstractPipeline.java:560)
	at java.base/java.util.stream.FindOps$FindOp.evaluateSequential(FindOps.java:150)
	at java.base/java.util.stream.AbstractPipeline.evaluate(AbstractPipeline.java:265)
	at java.base/java.util.stream.ReferencePipeline.findFirst(ReferencePipeline.java:683)
	at org.junit.platform.engine.support.discovery.EngineDiscoveryRequestResolution.resolve(EngineDiscoveryRequestResolution.java:189)
	at org.junit.platform.engine.support.discovery.EngineDiscoveryRequestResolution.resolve(EngineDiscoveryRequestResolution.java:126)
	at org.junit.platform.engine.support.discovery.EngineDiscoveryRequestResolution.resolveCompletely(EngineDiscoveryRequestResolution.java:92)
	at org.junit.platform.engine.support.discovery.EngineDiscoveryRequestResolution.run(EngineDiscoveryRequestResolution.java:83)
	at org.junit.platform.engine.support.discovery.EngineDiscoveryRequestResolver.resolve(EngineDiscoveryRequestResolver.java:113)
	at org.junit.jupiter.engine.discovery.DiscoverySelectorResolver.resolveSelectors(DiscoverySelectorResolver.java:46)
	at org.junit.jupiter.engine.JupiterTestEngine.discover(JupiterTestEngine.java:69)
	at org.junit.platform.launcher.core.EngineDiscoveryOrchestrator.discoverEngineRoot(EngineDiscoveryOrchestrator.java:152)
	at org.junit.platform.launcher.core.EngineDiscoveryOrchestrator.discoverSafely(EngineDiscoveryOrchestrator.java:132)
	at org.junit.platform.launcher.core.EngineDiscoveryOrchestrator.discover(EngineDiscoveryOrchestrator.java:107)
	at org.junit.platform.launcher.core.EngineDiscoveryOrchestrator.discover(EngineDiscoveryOrchestrator.java:78)
	at org.junit.platform.launcher.core.DefaultLauncher.discover(DefaultLauncher.java:99)
	at org.junit.platform.launcher.core.DefaultLauncher.discover(DefaultLauncher.java:77)
	at org.junit.platform.launcher.core.DelegatingLauncher.discover(DelegatingLauncher.java:42)
	at org.apache.maven.surefire.junitplatform.LazyLauncher.discover(LazyLauncher.java:50)
	at org.apache.maven.surefire.junitplatform.TestPlanScannerFilter.accept(TestPlanScannerFilter.java:52)
	at org.apache.maven.surefire.api.util.DefaultScanResult.applyFilter(DefaultScanResult.java:87)
	at org.apache.maven.surefire.junitplatform.JUnitPlatformProvider.scanClasspath(JUnitPlatformProvider.java:142)
	at org.apache.maven.surefire.junitplatform.JUnitPlatformProvider.invoke(JUnitPlatformProvider.java:122)
	at org.apache.maven.surefire.booter.ForkedBooter.runSuitesInProcess(ForkedBooter.java:385)
	at org.apache.maven.surefire.booter.ForkedBooter.execute(ForkedBooter.java:162)
	at org.apache.maven.surefire.booter.ForkedBooter.run(ForkedBooter.java:507)
	at org.apache.maven.surefire.booter.ForkedBooter.main(ForkedBooter.java:495)
Caused by: java.io.IOException: Error while instrumenting java/sql/Wrapper with JaCoCo 0.8.11.202310140853/f33756c.
	at org.jacoco.agent.rt.internal_4742761.core.instr.Instrumenter.instrumentError(Instrumenter.java:161)
	at org.jacoco.agent.rt.internal_4742761.core.instr.Instrumenter.instrument(Instrumenter.java:111)
	at org.jacoco.agent.rt.internal_4742761.CoverageTransformer.transform(CoverageTransformer.java:92)
	... 86 more
Caused by: java.lang.IllegalArgumentException: Unsupported class file major version 69
	at org.jacoco.agent.rt.internal_4742761.asm.ClassReader.<init>(ClassReader.java:200)
	at org.jacoco.agent.rt.internal_4742761.asm.ClassReader.<init>(ClassReader.java:180)
	at org.jacoco.agent.rt.internal_4742761.asm.ClassReader.<init>(ClassReader.java:166)
	at org.jacoco.agent.rt.internal_4742761.core.internal.instr.InstrSupport.classReaderFor(InstrSupport.java:280)
	at org.jacoco.agent.rt.internal_4742761.core.instr.Instrumenter.instrument(Instrumenter.java:77)
	at org.jacoco.agent.rt.internal_4742761.core.instr.Instrumenter.instrument(Instrumenter.java:109)
	... 87 more
java.lang.instrument.IllegalClassFormatException: Error while instrumenting sun/util/resources/cldr/provider/CLDRLocaleDataMetaInfo with JaCoCo 0.8.11.202310140853/f33756c.
	at org.jacoco.agent.rt.internal_4742761.CoverageTransformer.transform(CoverageTransformer.java:94)
	at java.instrument/java.lang.instrument.ClassFileTransformer.transform(ClassFileTransformer.java:257)
	at java.instrument/sun.instrument.TransformerManager.transform(TransformerManager.java:188)
	at java.instrument/sun.instrument.InstrumentationImpl.transform(InstrumentationImpl.java:594)
	at java.base/java.lang.ClassLoader.defineClass2(Native Method)
	at java.base/java.lang.ClassLoader.defineClass(ClassLoader.java:1052)
	at java.base/java.security.SecureClassLoader.defineClass(SecureClassLoader.java:176)
	at java.base/jdk.internal.loader.BuiltinClassLoader.defineClass(BuiltinClassLoader.java:735)
	at java.base/jdk.internal.loader.BuiltinClassLoader.findClassInModuleOrNull(BuiltinClassLoader.java:678)
	at java.base/jdk.internal.loader.BuiltinClassLoader.findClass(BuiltinClassLoader.java:560)
	at java.base/java.lang.ClassLoader.loadClass(ClassLoader.java:602)
	at java.base/java.lang.Class.forName(Class.java:599)
	at java.base/java.util.ServiceLoader.loadProvider(ServiceLoader.java:755)
	at java.base/java.util.ServiceLoader$ModuleServicesLookupIterator.hasNext(ServiceLoader.java:955)
	at java.base/java.util.ServiceLoader$1.hasNext(ServiceLoader.java:1164)
	at java.base/java.util.ServiceLoader$2.hasNext(ServiceLoader.java:1246)
	at java.base/sun.util.cldr.CLDRLocaleProviderAdapter.<init>(CLDRLocaleProviderAdapter.java:75)
	at java.base/jdk.internal.reflect.DirectConstructorHandleAccessor.newInstance(DirectConstructorHandleAccessor.java:62)
	at java.base/java.lang.reflect.Constructor.newInstanceWithCaller(Constructor.java:499)
	at java.base/java.lang.reflect.Constructor.newInstance(Constructor.java:483)
	at java.base/sun.util.locale.provider.LocaleProviderAdapter.forType(LocaleProviderAdapter.java:181)
	at java.base/sun.util.locale.provider.LocaleProviderAdapter.findAdapter(LocaleProviderAdapter.java:280)
	at java.base/sun.util.locale.provider.LocaleProviderAdapter.getAdapter(LocaleProviderAdapter.java:251)
	at java.base/java.text.DecimalFormatSymbols.initialize(DecimalFormatSymbols.java:824)
	at java.base/java.text.DecimalFormatSymbols.<init>(DecimalFormatSymbols.java:115)
	at org.springframework.http.HttpHeaders.<clinit>(HttpHeaders.java:403)
	at org.springframework.http.HttpEntity.<init>(HttpEntity.java:102)
	at org.springframework.http.HttpEntity.<init>(HttpEntity.java:76)
	at org.springframework.http.HttpEntity.<clinit>(HttpEntity.java:63)
	at com.insurance.claim.exception.GlobalExceptionHandler.buildResponse(GlobalExceptionHandler.java:96)
	at com.insurance.claim.exception.GlobalExceptionHandler.handlePolicyInactive(GlobalExceptionHandler.java:73)
	at com.insurance.claim.exception.GlobalExceptionHandlerTest.handlePolicyInactive_Returns400WithCorrectError(GlobalExceptionHandlerTest.java:98)
	at java.base/jdk.internal.reflect.DirectMethodHandleAccessor.invoke(DirectMethodHandleAccessor.java:104)
	at java.base/java.lang.reflect.Method.invoke(Method.java:565)
	at org.junit.platform.commons.util.ReflectionUtils.invokeMethod(ReflectionUtils.java:728)
	at org.junit.jupiter.engine.execution.MethodInvocation.proceed(MethodInvocation.java:60)
	at org.junit.jupiter.engine.execution.InvocationInterceptorChain$ValidatingInvocation.proceed(InvocationInterceptorChain.java:131)
	at org.junit.jupiter.engine.extension.TimeoutExtension.intercept(TimeoutExtension.java:156)
	at org.junit.jupiter.engine.extension.TimeoutExtension.interceptTestableMethod(TimeoutExtension.java:147)
	at org.junit.jupiter.engine.extension.TimeoutExtension.interceptTestMethod(TimeoutExtension.java:86)
	at org.junit.jupiter.engine.execution.InterceptingExecutableInvoker$ReflectiveInterceptorCall.lambda$ofVoidMethod$0(InterceptingExecutableInvoker.java:103)
	at org.junit.jupiter.engine.execution.InterceptingExecutableInvoker.lambda$invoke$0(InterceptingExecutableInvoker.java:93)
	at org.junit.jupiter.engine.execution.InvocationInterceptorChain$InterceptedInvocation.proceed(InvocationInterceptorChain.java:106)
	at org.junit.jupiter.engine.execution.InvocationInterceptorChain.proceed(InvocationInterceptorChain.java:64)
	at org.junit.jupiter.engine.execution.InvocationInterceptorChain.chainAndInvoke(InvocationInterceptorChain.java:45)
	at org.junit.jupiter.engine.execution.InvocationInterceptorChain.invoke(InvocationInterceptorChain.java:37)
	at org.junit.jupiter.engine.execution.InterceptingExecutableInvoker.invoke(InterceptingExecutableInvoker.java:92)
	at org.junit.jupiter.engine.execution.InterceptingExecutableInvoker.invoke(InterceptingExecutableInvoker.java:86)
	at org.junit.jupiter.engine.descriptor.TestMethodTestDescriptor.lambda$invokeTestMethod$7(TestMethodTestDescriptor.java:218)
	at org.junit.platform.engine.support.hierarchical.ThrowableCollector.execute(ThrowableCollector.java:73)
	at org.junit.jupiter.engine.descriptor.TestMethodTestDescriptor.invokeTestMethod(TestMethodTestDescriptor.java:214)
	at org.junit.jupiter.engine.descriptor.TestMethodTestDescriptor.execute(TestMethodTestDescriptor.java:139)
	at org.junit.jupiter.engine.descriptor.TestMethodTestDescriptor.execute(TestMethodTestDescriptor.java:69)
	at org.junit.platform.engine.support.hierarchical.NodeTestTask.lambda$executeRecursively$6(NodeTestTask.java:151)
	at org.junit.platform.engine.support.hierarchical.ThrowableCollector.execute(ThrowableCollector.java:73)
	at org.junit.platform.engine.support.hierarchical.NodeTestTask.lambda$executeRecursively$8(NodeTestTask.java:141)
	at org.junit.platform.engine.support.hierarchical.Node.around(Node.java:137)
	at org.junit.platform.engine.support.hierarchical.NodeTestTask.lambda$executeRecursively$9(NodeTestTask.java:139)
	at org.junit.platform.engine.support.hierarchical.ThrowableCollector.execute(ThrowableCollector.java:73)
	at org.junit.platform.engine.support.hierarchical.NodeTestTask.executeRecursively(NodeTestTask.java:138)
	at org.junit.platform.engine.support.hierarchical.NodeTestTask.execute(NodeTestTask.java:95)
	at java.base/java.util.ArrayList.forEach(ArrayList.java:1604)
	at org.junit.platform.engine.support.hierarchical.SameThreadHierarchicalTestExecutorService.invokeAll(SameThreadHierarchicalTestExecutorService.java:41)
	at org.junit.platform.engine.support.hierarchical.NodeTestTask.lambda$executeRecursively$6(NodeTestTask.java:155)
	at org.junit.platform.engine.support.hierarchical.ThrowableCollector.execute(ThrowableCollector.java:73)
	at org.junit.platform.engine.support.hierarchical.NodeTestTask.lambda$executeRecursively$8(NodeTestTask.java:141)
	at org.junit.platform.engine.support.hierarchical.Node.around(Node.java:137)
	at org.junit.platform.engine.support.hierarchical.NodeTestTask.lambda$executeRecursively$9(NodeTestTask.java:139)
	at org.junit.platform.engine.support.hierarchical.ThrowableCollector.execute(ThrowableCollector.java:73)
	at org.junit.platform.engine.support.hierarchical.NodeTestTask.executeRecursively(NodeTestTask.java:138)
	at org.junit.platform.engine.support.hierarchical.NodeTestTask.execute(NodeTestTask.java:95)
	at java.base/java.util.ArrayList.forEach(ArrayList.java:1604)
	at org.junit.platform.engine.support.hierarchical.SameThreadHierarchicalTestExecutorService.invokeAll(SameThreadHierarchicalTestExecutorService.java:41)
	at org.junit.platform.engine.support.hierarchical.NodeTestTask.lambda$executeRecursively$6(NodeTestTask.java:155)
	at org.junit.platform.engine.support.hierarchical.ThrowableCollector.execute(ThrowableCollector.java:73)
	at org.junit.platform.engine.support.hierarchical.NodeTestTask.lambda$executeRecursively$8(NodeTestTask.java:141)
	at org.junit.platform.engine.support.hierarchical.Node.around(Node.java:137)
	at org.junit.platform.engine.support.hierarchical.NodeTestTask.lambda$executeRecursively$9(NodeTestTask.java:139)
	at org.junit.platform.engine.support.hierarchical.ThrowableCollector.execute(ThrowableCollector.java:73)
	at org.junit.platform.engine.support.hierarchical.NodeTestTask.executeRecursively(NodeTestTask.java:138)
	at org.junit.platform.engine.support.hierarchical.NodeTestTask.execute(NodeTestTask.java:95)
	at org.junit.platform.engine.support.hierarchical.SameThreadHierarchicalTestExecutorService.submit(SameThreadHierarchicalTestExecutorService.java:35)
	at org.junit.platform.engine.support.hierarchical.HierarchicalTestExecutor.execute(HierarchicalTestExecutor.java:57)
	at org.junit.platform.engine.support.hierarchical.HierarchicalTestEngine.execute(HierarchicalTestEngine.java:54)
	at org.junit.platform.launcher.core.EngineExecutionOrchestrator.execute(EngineExecutionOrchestrator.java:198)
	at org.junit.platform.launcher.core.EngineExecutionOrchestrator.execute(EngineExecutionOrchestrator.java:169)
	at org.junit.platform.launcher.core.EngineExecutionOrchestrator.execute(EngineExecutionOrchestrator.java:93)
	at org.junit.platform.launcher.core.EngineExecutionOrchestrator.lambda$execute$0(EngineExecutionOrchestrator.java:58)
	at org.junit.platform.launcher.core.EngineExecutionOrchestrator.withInterceptedStreams(EngineExecutionOrchestrator.java:141)
	at org.junit.platform.launcher.core.EngineExecutionOrchestrator.execute(EngineExecutionOrchestrator.java:57)
	at org.junit.platform.launcher.core.DefaultLauncher.execute(DefaultLauncher.java:103)
	at org.junit.platform.launcher.core.DefaultLauncher.execute(DefaultLauncher.java:85)
	at org.junit.platform.launcher.core.DelegatingLauncher.execute(DelegatingLauncher.java:47)
	at org.apache.maven.surefire.junitplatform.LazyLauncher.execute(LazyLauncher.java:56)
	at org.apache.maven.surefire.junitplatform.JUnitPlatformProvider.execute(JUnitPlatformProvider.java:184)
	at org.apache.maven.surefire.junitplatform.JUnitPlatformProvider.invokeAllTests(JUnitPlatformProvider.java:148)
	at org.apache.maven.surefire.junitplatform.JUnitPlatformProvider.invoke(JUnitPlatformProvider.java:122)
	at org.apache.maven.surefire.booter.ForkedBooter.runSuitesInProcess(ForkedBooter.java:385)
	at org.apache.maven.surefire.booter.ForkedBooter.execute(ForkedBooter.java:162)
	at org.apache.maven.surefire.booter.ForkedBooter.run(ForkedBooter.java:507)
	at org.apache.maven.surefire.booter.ForkedBooter.main(ForkedBooter.java:495)
Caused by: java.io.IOException: Error while instrumenting sun/util/resources/cldr/provider/CLDRLocaleDataMetaInfo with JaCoCo 0.8.11.202310140853/f33756c.
	at org.jacoco.agent.rt.internal_4742761.core.instr.Instrumenter.instrumentError(Instrumenter.java:161)
	at org.jacoco.agent.rt.internal_4742761.core.instr.Instrumenter.instrument(Instrumenter.java:111)
	at org.jacoco.agent.rt.internal_4742761.CoverageTransformer.transform(CoverageTransformer.java:92)
	... 100 more
Caused by: java.lang.IllegalArgumentException: Unsupported class file major version 69
	at org.jacoco.agent.rt.internal_4742761.asm.ClassReader.<init>(ClassReader.java:200)
	at org.jacoco.agent.rt.internal_4742761.asm.ClassReader.<init>(ClassReader.java:180)
	at org.jacoco.agent.rt.internal_4742761.asm.ClassReader.<init>(ClassReader.java:166)
	at org.jacoco.agent.rt.internal_4742761.core.internal.instr.InstrSupport.classReaderFor(InstrSupport.java:280)
	at org.jacoco.agent.rt.internal_4742761.core.instr.Instrumenter.instrument(Instrumenter.java:77)
	at org.jacoco.agent.rt.internal_4742761.core.instr.Instrumenter.instrument(Instrumenter.java:109)
	... 101 more
]]></system-err>
  </testcase>
  <testcase name="handleCoverageExceeded_Returns400WithCorrectError" classname="com.insurance.claim.exception.GlobalExceptionHandlerTest" time="0.041">
    <system-out><![CDATA[15:05:10.866 [main] WARN com.insurance.claim.exception.GlobalExceptionHandler -- Coverage exceeded: Claim amount 99000.00 exceeds coverage limit 50000.00 for claim type MEDICAL
]]></system-out>
  </testcase>
  <testcase name="handleUnexpected_Returns500WithGenericMessage" classname="com.insurance.claim.exception.GlobalExceptionHandlerTest" time="0.016">
    <system-out><![CDATA[15:05:10.869 [main] ERROR com.insurance.claim.exception.GlobalExceptionHandler -- Unexpected error: Something went wrong unexpectedly
java.lang.RuntimeException: Something went wrong unexpectedly
	at com.insurance.claim.exception.GlobalExceptionHandlerTest.handleUnexpected_Returns500WithGenericMessage(GlobalExceptionHandlerTest.java:118)
	at java.base/jdk.internal.reflect.DirectMethodHandleAccessor.invoke(DirectMethodHandleAccessor.java:104)
	at java.base/java.lang.reflect.Method.invoke(Method.java:565)
	at org.junit.platform.commons.util.ReflectionUtils.invokeMethod(ReflectionUtils.java:728)
	at org.junit.jupiter.engine.execution.MethodInvocation.proceed(MethodInvocation.java:60)
	at org.junit.jupiter.engine.execution.InvocationInterceptorChain$ValidatingInvocation.proceed(InvocationInterceptorChain.java:131)
	at org.junit.jupiter.engine.extension.TimeoutExtension.intercept(TimeoutExtension.java:156)
	at org.junit.jupiter.engine.extension.TimeoutExtension.interceptTestableMethod(TimeoutExtension.java:147)
	at org.junit.jupiter.engine.extension.TimeoutExtension.interceptTestMethod(TimeoutExtension.java:86)
	at org.junit.jupiter.engine.execution.InterceptingExecutableInvoker$ReflectiveInterceptorCall.lambda$ofVoidMethod$0(InterceptingExecutableInvoker.java:103)
	at org.junit.jupiter.engine.execution.InterceptingExecutableInvoker.lambda$invoke$0(InterceptingExecutableInvoker.java:93)
	at org.junit.jupiter.engine.execution.InvocationInterceptorChain$InterceptedInvocation.proceed(InvocationInterceptorChain.java:106)
	at org.junit.jupiter.engine.execution.InvocationInterceptorChain.proceed(InvocationInterceptorChain.java:64)
	at org.junit.jupiter.engine.execution.InvocationInterceptorChain.chainAndInvoke(InvocationInterceptorChain.java:45)
	at org.junit.jupiter.engine.execution.InvocationInterceptorChain.invoke(InvocationInterceptorChain.java:37)
	at org.junit.jupiter.engine.execution.InterceptingExecutableInvoker.invoke(InterceptingExecutableInvoker.java:92)
	at org.junit.jupiter.engine.execution.InterceptingExecutableInvoker.invoke(InterceptingExecutableInvoker.java:86)
	at org.junit.jupiter.engine.descriptor.TestMethodTestDescriptor.lambda$invokeTestMethod$7(TestMethodTestDescriptor.java:218)
	at org.junit.platform.engine.support.hierarchical.ThrowableCollector.execute(ThrowableCollector.java:73)
	at org.junit.jupiter.engine.descriptor.TestMethodTestDescriptor.invokeTestMethod(TestMethodTestDescriptor.java:214)
	at org.junit.jupiter.engine.descriptor.TestMethodTestDescriptor.execute(TestMethodTestDescriptor.java:139)
	at org.junit.jupiter.engine.descriptor.TestMethodTestDescriptor.execute(TestMethodTestDescriptor.java:69)
	at org.junit.platform.engine.support.hierarchical.NodeTestTask.lambda$executeRecursively$6(NodeTestTask.java:151)
	at org.junit.platform.engine.support.hierarchical.ThrowableCollector.execute(ThrowableCollector.java:73)
	at org.junit.platform.engine.support.hierarchical.NodeTestTask.lambda$executeRecursively$8(NodeTestTask.java:141)
	at org.junit.platform.engine.support.hierarchical.Node.around(Node.java:137)
	at org.junit.platform.engine.support.hierarchical.NodeTestTask.lambda$executeRecursively$9(NodeTestTask.java:139)
	at org.junit.platform.engine.support.hierarchical.ThrowableCollector.execute(ThrowableCollector.java:73)
	at org.junit.platform.engine.support.hierarchical.NodeTestTask.executeRecursively(NodeTestTask.java:138)
	at org.junit.platform.engine.support.hierarchical.NodeTestTask.execute(NodeTestTask.java:95)
	at java.base/java.util.ArrayList.forEach(ArrayList.java:1604)
	at org.junit.platform.engine.support.hierarchical.SameThreadHierarchicalTestExecutorService.invokeAll(SameThreadHierarchicalTestExecutorService.java:41)
	at org.junit.platform.engine.support.hierarchical.NodeTestTask.lambda$executeRecursively$6(NodeTestTask.java:155)
	at org.junit.platform.engine.support.hierarchical.ThrowableCollector.execute(ThrowableCollector.java:73)
	at org.junit.platform.engine.support.hierarchical.NodeTestTask.lambda$executeRecursively$8(NodeTestTask.java:141)
	at org.junit.platform.engine.support.hierarchical.Node.around(Node.java:137)
	at org.junit.platform.engine.support.hierarchical.NodeTestTask.lambda$executeRecursively$9(NodeTestTask.java:139)
	at org.junit.platform.engine.support.hierarchical.ThrowableCollector.execute(ThrowableCollector.java:73)
	at org.junit.platform.engine.support.hierarchical.NodeTestTask.executeRecursively(NodeTestTask.java:138)
	at org.junit.platform.engine.support.hierarchical.NodeTestTask.execute(NodeTestTask.java:95)
	at java.base/java.util.ArrayList.forEach(ArrayList.java:1604)
	at org.junit.platform.engine.support.hierarchical.SameThreadHierarchicalTestExecutorService.invokeAll(SameThreadHierarchicalTestExecutorService.java:41)
	at org.junit.platform.engine.support.hierarchical.NodeTestTask.lambda$executeRecursively$6(NodeTestTask.java:155)
	at org.junit.platform.engine.support.hierarchical.ThrowableCollector.execute(ThrowableCollector.java:73)
	at org.junit.platform.engine.support.hierarchical.NodeTestTask.lambda$executeRecursively$8(NodeTestTask.java:141)
	at org.junit.platform.engine.support.hierarchical.Node.around(Node.java:137)
	at org.junit.platform.engine.support.hierarchical.NodeTestTask.lambda$executeRecursively$9(NodeTestTask.java:139)
	at org.junit.platform.engine.support.hierarchical.ThrowableCollector.execute(ThrowableCollector.java:73)
	at org.junit.platform.engine.support.hierarchical.NodeTestTask.executeRecursively(NodeTestTask.java:138)
	at org.junit.platform.engine.support.hierarchical.NodeTestTask.execute(NodeTestTask.java:95)
	at org.junit.platform.engine.support.hierarchical.SameThreadHierarchicalTestExecutorService.submit(SameThreadHierarchicalTestExecutorService.java:35)
	at org.junit.platform.engine.support.hierarchical.HierarchicalTestExecutor.execute(HierarchicalTestExecutor.java:57)
	at org.junit.platform.engine.support.hierarchical.HierarchicalTestEngine.execute(HierarchicalTestEngine.java:54)
	at org.junit.platform.launcher.core.EngineExecutionOrchestrator.execute(EngineExecutionOrchestrator.java:198)
	at org.junit.platform.launcher.core.EngineExecutionOrchestrator.execute(EngineExecutionOrchestrator.java:169)
	at org.junit.platform.launcher.core.EngineExecutionOrchestrator.execute(EngineExecutionOrchestrator.java:93)
	at org.junit.platform.launcher.core.EngineExecutionOrchestrator.lambda$execute$0(EngineExecutionOrchestrator.java:58)
	at org.junit.platform.launcher.core.EngineExecutionOrchestrator.withInterceptedStreams(EngineExecutionOrchestrator.java:141)
	at org.junit.platform.launcher.core.EngineExecutionOrchestrator.execute(EngineExecutionOrchestrator.java:57)
	at org.junit.platform.launcher.core.DefaultLauncher.execute(DefaultLauncher.java:103)
	at org.junit.platform.launcher.core.DefaultLauncher.execute(DefaultLauncher.java:85)
	at org.junit.platform.launcher.core.DelegatingLauncher.execute(DelegatingLauncher.java:47)
	at org.apache.maven.surefire.junitplatform.LazyLauncher.execute(LazyLauncher.java:56)
	at org.apache.maven.surefire.junitplatform.JUnitPlatformProvider.execute(JUnitPlatformProvider.java:184)
	at org.apache.maven.surefire.junitplatform.JUnitPlatformProvider.invokeAllTests(JUnitPlatformProvider.java:148)
	at org.apache.maven.surefire.junitplatform.JUnitPlatformProvider.invoke(JUnitPlatformProvider.java:122)
	at org.apache.maven.surefire.booter.ForkedBooter.runSuitesInProcess(ForkedBooter.java:385)
	at org.apache.maven.surefire.booter.ForkedBooter.execute(ForkedBooter.java:162)
	at org.apache.maven.surefire.booter.ForkedBooter.run(ForkedBooter.java:507)
	at org.apache.maven.surefire.booter.ForkedBooter.main(ForkedBooter.java:495)
]]></system-out>
  </testcase>
  <testcase name="handleInvalidClaimType_Returns400WithCorrectError" classname="com.insurance.claim.exception.GlobalExceptionHandlerTest" time="0.006">
    <system-out><![CDATA[15:05:10.888 [main] WARN com.insurance.claim.exception.GlobalExceptionHandler -- Invalid claim type: Claim type VISION is not covered under policy POL-10001 or the coverage is inactive
]]></system-out>
  </testcase>
  <testcase name="handleClaimNotFound_Returns404WithCorrectError" classname="com.insurance.claim.exception.GlobalExceptionHandlerTest" time="0.004">
    <system-out><![CDATA[15:05:10.893 [main] WARN com.insurance.claim.exception.GlobalExceptionHandler -- Claim not found: Claim not found with ID: 42
]]></system-out>
  </testcase>
  <testcase name="handleValidationErrors_MultipleFieldErrors_IncludesAllMessages" classname="com.insurance.claim.exception.GlobalExceptionHandlerTest" time="0.058">
    <system-out><![CDATA[15:05:10.931 [main] WARN com.insurance.claim.exception.GlobalExceptionHandler -- Validation failed: [Policy number is required, Claim amount must be positive]
]]></system-out>
  </testcase>
  <testcase name="handleNoResourceFound_Returns404" classname="com.insurance.claim.exception.GlobalExceptionHandlerTest" time="0.011"/>
  <testcase name="handleDuplicateClaim_Returns409WithCorrectError" classname="com.insurance.claim.exception.GlobalExceptionHandlerTest" time="0.003">
    <system-out><![CDATA[15:05:10.972 [main] WARN com.insurance.claim.exception.GlobalExceptionHandler -- Duplicate claim: Duplicate claim detected: policy=POL-10001, type=MEDICAL, incident_date=2026-01-01. A similar claim was submitted within the last 24 hours.
]]></system-out>
  </testcase>
  <testcase name="handlePolicyNotFound_Returns404WithCorrectError" classname="com.insurance.claim.exception.GlobalExceptionHandlerTest" time="0.008">
    <system-out><![CDATA[15:05:10.976 [main] WARN com.insurance.claim.exception.GlobalExceptionHandler -- Policy not found: Policy not found: POL-X
]]></system-out>
  </testcase>
  <testcase name="handleValidationErrors_Returns400WithFieldErrorDetails" classname="com.insurance.claim.exception.GlobalExceptionHandlerTest" time="0.001">
    <system-out><![CDATA[15:05:10.984 [main] WARN com.insurance.claim.exception.GlobalExceptionHandler -- Validation failed: [Policy number is required]
]]></system-out>
  </testcase>
</testsuite>