<?xml version="1.0" encoding="UTF-8"?>
<testsuite xmlns:xsi="http://www.w3.org/2001/XMLSchema-instance" xsi:noNamespaceSchemaLocation="https://maven.apache.org/surefire/maven-failsafe-plugin/xsd/failsafe-test-report-3.0.xsd" version="3.0" name="com.insurance.claim.controller.ClaimHistoryControllerIT" time="3.225" tests="4" errors="0" skipped="0" failures="0">
  <properties>
[...]
</properties>
  <testcase name="getClaimHistory_NonExistentClaim_Returns404" classname="com.insurance.claim.controller.ClaimHistoryControllerIT" time="0.477">
    <system-out><![CDATA[2026-03-10T15:05:55.831Z  INFO 43401 --- [insurance-claim-system] [           main] t.c.s.AnnotationConfigContextLoaderUtils : Could not detect default configuration classes for test class [com.insurance.claim.controller.ClaimHistoryControllerIT]: ClaimHistoryControllerIT does not declare any static, non-private, non-final, nested classes annotated with @Configuration.
2026-03-10T15:05:55.837Z  INFO 43401 --- [insurance-claim-system] [           main] .b.t.c.SpringBootTestContextBootstrapper : Found @SpringBootConfiguration com.insurance.claim.ClaimSubmissionSystemApplication for test class com.insurance.claim.controller.ClaimHistoryControllerIT

  .   ____          _            __ _ _
 /\\ / ___'_ __ _ _(_)_ __  __ _ \ \ \ \
( ( )\___ | '_ | '_| | '_ \/ _` | \ \ \ \
 \\/  ___)| |_)| | | | | || (_| |  ) ) ) )
  '  |____| .__|_| |_|_| |_\__, | / / / /
 =========|_|==============|___/=/_/_/_/
 :: Spring Boot ::                (v3.2.3)

2026-03-10T15:05:55.885Z  INFO 43401 --- [insurance-claim-system] [           main] c.i.c.c.ClaimHistoryControllerIT         : Starting ClaimHistoryControllerIT using Java 25.0.1 with PID 43401 (started by codespace in /workspaces/Random-ui/insurance-claim-system)
2026-03-10T15:05:55.885Z DEBUG 43401 --- [insurance-claim-system] [           main] c.i.c.c.ClaimHistoryControllerIT         : Running with Spring Boot v3.2.3, Spring v6.1.4
2026-03-10T15:05:55.885Z  INFO 43401 --- [insurance-claim-system] [           main] c.i.c.c.ClaimHistoryControllerIT         : The following 1 profile is active: "test"
2026-03-10T15:05:56.282Z  INFO 43401 --- [insurance-claim-system] [           main] .s.d.r.c.RepositoryConfigurationDelegate : Bootstrapping Spring Data JPA repositories in DEFAULT mode.
2026-03-10T15:05:56.310Z  INFO 43401 --- [insurance-claim-system] [           main] .s.d.r.c.RepositoryConfigurationDelegate : Finished Spring Data repository scanning in 27 ms. Found 4 JPA repository interfaces.
2026-03-10T15:05:56.456Z  INFO 43401 --- [insurance-claim-system] [           main] o.hibernate.jpa.internal.util.LogHelper  : HHH000204: Processing PersistenceUnitInfo [name: default]
2026-03-10T15:05:56.458Z  INFO 43401 --- [insurance-claim-system] [           main] o.h.c.internal.RegionFactoryInitiator    : HHH000026: Second-level cache disabled
2026-03-10T15:05:56.464Z  INFO 43401 --- [insurance-claim-system] [           main] o.s.o.j.p.SpringPersistenceUnitInfo      : No LoadTimeWeaver setup: ignoring JPA class transformer
2026-03-10T15:05:56.464Z  INFO 43401 --- [insurance-claim-system] [           main] com.zaxxer.hikari.HikariDataSource       : HikariPool-3 - Starting...
2026-03-10T15:05:56.469Z  INFO 43401 --- [insurance-claim-system] [           main] com.zaxxer.hikari.pool.HikariPool        : HikariPool-3 - Added connection conn4: url=jdbc:h2:mem:testdb user=SA
2026-03-10T15:05:56.469Z  INFO 43401 --- [insurance-claim-system] [           main] com.zaxxer.hikari.HikariDataSource       : HikariPool-3 - Start completed.
2026-03-10T15:05:56.469Z  WARN 43401 --- [insurance-claim-system] [           main] org.hibernate.orm.deprecation            : HHH90000025: H2Dialect does not need to be specified explicitly using 'hibernate.dialect' (remove the property setting and it will be selected by default)
2026-03-10T15:05:56.737Z  INFO 43401 --- [insurance-claim-system] [           main] o.h.e.t.j.p.i.JtaPlatformInitiator       : HHH000489: No JTA platform available (set 'hibernate.transaction.jta.platform' to enable JTA platform integration)
2026-03-10T15:05:56.738Z DEBUG 43401 --- [insurance-claim-system] [           main] org.hibernate.SQL                        : 
    drop table if exists claim_history cascade 
Hibernate: 
    drop table if exists claim_history cascade 
2026-03-10T15:05:56.738Z DEBUG 43401 --- [insurance-claim-system] [           main] org.hibernate.SQL                        : 
    drop table if exists claims cascade 
Hibernate: 
    drop table if exists claims cascade 
2026-03-10T15:05:56.739Z DEBUG 43401 --- [insurance-claim-system] [           main] org.hibernate.SQL                        : 
    drop table if exists policies cascade 
Hibernate: 
    drop table if exists policies cascade 
2026-03-10T15:05:56.739Z DEBUG 43401 --- [insurance-claim-system] [           main] org.hibernate.SQL                        : 
    drop table if exists policy_coverages cascade 
Hibernate: 
    drop table if exists policy_coverages cascade 
2026-03-10T15:05:56.740Z DEBUG 43401 --- [insurance-claim-system] [           main] org.hibernate.SQL                        : 
    create table claim_history (
        claim_id bigint not null,
        history_id bigint generated by default as identity,
        timestamp timestamp(6) not null,
        reviewer_notes TEXT,
        status varchar(255) not null check (status in ('SUBMITTED','IN_REVIEW','APPROVED','REJECTED')),
        primary key (history_id)
    )
Hibernate: 
    create table claim_history (
        claim_id bigint not null,
        history_id bigint generated by default as identity,
        timestamp timestamp(6) not null,
        reviewer_notes TEXT,
        status varchar(255) not null check (status in ('SUBMITTED','IN_REVIEW','APPROVED','REJECTED')),
        primary key (history_id)
    )
2026-03-10T15:05:56.744Z DEBUG 43401 --- [insurance-claim-system] [           main] org.hibernate.SQL                        : 
    create table claims (
        claim_amount numeric(15,2) not null,
        incident_date date not null,
        claim_id bigint generated by default as identity,
        created_at timestamp(6) not null,
        policy_id bigint not null,
        updated_at timestamp(6) not null,
        claim_type varchar(255) not null check (claim_type in ('MEDICAL','DENTAL','VISION','LIFE','AUTO','HOME','DISABILITY')),
        description TEXT,
        status varchar(255) not null check (status in ('SUBMITTED','IN_REVIEW','APPROVED','REJECTED')),
        primary key (claim_id)
    )
Hibernate: 
    create table claims (
        claim_amount numeric(15,2) not null,
        incident_date date not null,
        claim_id bigint generated by default as identity,
        created_at timestamp(6) not null,
        policy_id bigint not null,
        updated_at timestamp(6) not null,
        claim_type varchar(255) not null check (claim_type in ('MEDICAL','DENTAL','VISION','LIFE','AUTO','HOME','DISABILITY')),
        description TEXT,
        status varchar(255) not null check (status in ('SUBMITTED','IN_REVIEW','APPROVED','REJECTED')),
        primary key (claim_id)
    )
2026-03-10T15:05:56.748Z DEBUG 43401 --- [insurance-claim-system] [           main] org.hibernate.SQL                        : 
    create table policies (
        coverage_limit numeric(15,2) not null,
        effective_date date not null,
        expiry_date date not null,
        customer_id bigint not null,
        policy_id bigint generated by default as identity,
        policy_number varchar(20) not null unique,
        status varchar(255) not null check (status in ('ACTIVE','INACTIVE','EXPIRED','CANCELLED','PENDING')),
        primary key (policy_id)
    )
Hibernate: 
    create table policies (
        coverage_limit numeric(15,2) not null,
        effective_date date not null,
        expiry_date date not null,
        customer_id bigint not null,
        policy_id bigint generated by default as identity,
        policy_number varchar(20) not null unique,
        status varchar(255) not null check (status in ('ACTIVE','INACTIVE','EXPIRED','CANCELLED','PENDING')),
        primary key (policy_id)
    )
2026-03-10T15:05:56.752Z DEBUG 43401 --- [insurance-claim-system] [           main] org.hibernate.SQL                        : 
    create table policy_coverages (
        is_active boolean not null,
        limit_amount numeric(15,2) not null,
        coverage_id bigint generated by default as identity,
        policy_id bigint not null,
        claim_type varchar(255) not null check (claim_type in ('MEDICAL','DENTAL','VISION','LIFE','AUTO','HOME','DISABILITY')),
        primary key (coverage_id)
    )
Hibernate: 
    create table policy_coverages (
        is_active boolean not null,
        limit_amount numeric(15,2) not null,
        coverage_id bigint generated by default as identity,
        policy_id bigint not null,
        claim_type varchar(255) not null check (claim_type in ('MEDICAL','DENTAL','VISION','LIFE','AUTO','HOME','DISABILITY')),
        primary key (coverage_id)
    )
2026-03-10T15:05:56.754Z DEBUG 43401 --- [insurance-claim-system] [           main] org.hibernate.SQL                        : 
    alter table if exists claim_history 
       add constraint FK7rwd67t6qlvmcg8v8wvrn0c4g 
       foreign key (claim_id) 
       references claims
Hibernate: 
    alter table if exists claim_history 
       add constraint FK7rwd67t6qlvmcg8v8wvrn0c4g 
       foreign key (claim_id) 
       references claims
2026-03-10T15:05:56.758Z DEBUG 43401 --- [insurance-claim-system] [           main] org.hibernate.SQL                        : 
    alter table if exists claims 
       add constraint FKm0w2xffwe13pmkusoxnxuim7j 
       foreign key (policy_id) 
       references policies
Hibernate: 
    alter table if exists claims 
       add constraint FKm0w2xffwe13pmkusoxnxuim7j 
       foreign key (policy_id) 
       references policies
2026-03-10T15:05:56.762Z DEBUG 43401 --- [insurance-claim-system] [           main] org.hibernate.SQL                        : 
    alter table if exists policy_coverages 
       add constraint FKqdefux84m40nst7vif6lss9te 
       foreign key (policy_id) 
       references policies
Hibernate: 
    alter table if exists policy_coverages 
       add constraint FKqdefux84m40nst7vif6lss9te 
       foreign key (policy_id) 
       references policies
2026-03-10T15:05:56.765Z  INFO 43401 --- [insurance-claim-system] [           main] j.LocalContainerEntityManagerFactoryBean : Initialized JPA EntityManagerFactory for persistence unit 'default'
2026-03-10T15:05:57.859Z  INFO 43401 --- [insurance-claim-system] [           main] o.s.b.t.m.w.SpringBootMockServletContext : Initializing Spring TestDispatcherServlet ''
2026-03-10T15:05:57.860Z  INFO 43401 --- [insurance-claim-system] [           main] o.s.t.web.servlet.TestDispatcherServlet  : Initializing Servlet ''
2026-03-10T15:05:57.874Z  INFO 43401 --- [insurance-claim-system] [           main] o.s.b.a.e.web.EndpointLinksResolver      : Exposing 3 endpoint(s) beneath base path '/actuator'
2026-03-10T15:05:57.924Z  INFO 43401 --- [insurance-claim-system] [           main] o.s.t.web.servlet.TestDispatcherServlet  : Completed initialization in 64 ms
2026-03-10T15:05:57.959Z  INFO 43401 --- [insurance-claim-system] [           main] c.i.c.c.ClaimHistoryControllerIT         : Started ClaimHistoryControllerIT in 2.113 seconds (process running for 27.114)
2026-03-10T15:05:58.403Z DEBUG 43401 --- [insurance-claim-system] [           main] org.hibernate.SQL                        : 
    select
        count(*) 
    from
        claims c1_0 
    where
        c1_0.claim_id=?
Hibernate: 
    select
        count(*) 
    from
        claims c1_0 
    where
        c1_0.claim_id=?
2026-03-10T15:05:58.434Z  WARN 43401 --- [insurance-claim-system] [           main] c.i.c.exception.GlobalExceptionHandler   : Claim not found: Claim not found with ID: 999999
]]></system-out>
  </testcase>
  <testcase name="getClaimHistory_AfterReview_HasTwoEntries" classname="com.insurance.claim.controller.ClaimHistoryControllerIT" time="0.287">
    <system-out><![CDATA[2026-03-10T15:05:58.678Z  INFO 43401 --- [insurance-claim-system] [           main] c.i.claim.service.ClaimServiceImpl       : Submitting claim for policy: POL-10002, type: MEDICAL
2026-03-10T15:05:58.688Z DEBUG 43401 --- [insurance-claim-system] [           main] org.hibernate.SQL                        : 
    select
        p1_0.policy_id,
        p1_0.coverage_limit,
        c1_0.policy_id,
        c1_0.coverage_id,
        c1_0.claim_type,
        c1_0.is_active,
        c1_0.limit_amount,
        p1_0.customer_id,
        p1_0.effective_date,
        p1_0.expiry_date,
        p1_0.policy_number,
        p1_0.status 
    from
        policies p1_0 
    left join
        policy_coverages c1_0 
            on p1_0.policy_id=c1_0.policy_id 
    where
        p1_0.policy_number=?
Hibernate: 
    select
        p1_0.policy_id,
        p1_0.coverage_limit,
        c1_0.policy_id,
        c1_0.coverage_id,
        c1_0.claim_type,
        c1_0.is_active,
        c1_0.limit_amount,
        p1_0.customer_id,
        p1_0.effective_date,
        p1_0.expiry_date,
        p1_0.policy_number,
        p1_0.status 
    from
        policies p1_0 
    left join
        policy_coverages c1_0 
            on p1_0.policy_id=c1_0.policy_id 
    where
        p1_0.policy_number=?
2026-03-10T15:05:58.701Z DEBUG 43401 --- [insurance-claim-system] [           main] org.hibernate.SQL                        : 
    select
        pc1_0.coverage_id,
        pc1_0.claim_type,
        pc1_0.is_active,
        pc1_0.limit_amount,
        pc1_0.policy_id 
    from
        policy_coverages pc1_0 
    left join
        policies p1_0 
            on p1_0.policy_id=pc1_0.policy_id 
    where
        p1_0.policy_id=? 
        and pc1_0.claim_type=? 
        and pc1_0.is_active
Hibernate: 
    select
        pc1_0.coverage_id,
        pc1_0.claim_type,
        pc1_0.is_active,
        pc1_0.limit_amount,
        pc1_0.policy_id 
    from
        policy_coverages pc1_0 
    left join
        policies p1_0 
            on p1_0.policy_id=pc1_0.policy_id 
    where
        p1_0.policy_id=? 
        and pc1_0.claim_type=? 
        and pc1_0.is_active
2026-03-10T15:05:58.710Z DEBUG 43401 --- [insurance-claim-system] [           main] org.hibernate.SQL                        : 
    select
        c1_0.claim_id,
        c1_0.claim_amount,
        c1_0.claim_type,
        c1_0.created_at,
        c1_0.description,
        c1_0.incident_date,
        c1_0.policy_id,
        c1_0.status,
        c1_0.updated_at 
    from
        claims c1_0 
    where
        c1_0.policy_id=? 
        and c1_0.claim_type=? 
        and c1_0.incident_date=? 
        and c1_0.created_at>=?
Hibernate: 
    select
        c1_0.claim_id,
        c1_0.claim_amount,
        c1_0.claim_type,
        c1_0.created_at,
        c1_0.description,
        c1_0.incident_date,
        c1_0.policy_id,
        c1_0.status,
        c1_0.updated_at 
    from
        claims c1_0 
    where
        c1_0.policy_id=? 
        and c1_0.claim_type=? 
        and c1_0.incident_date=? 
        and c1_0.created_at>=?
2026-03-10T15:05:58.720Z DEBUG 43401 --- [insurance-claim-system] [           main] org.hibernate.SQL                        : 
    insert 
    into
        claims
        (claim_amount, claim_type, created_at, description, incident_date, policy_id, status, updated_at, claim_id) 
    values
        (?, ?, ?, ?, ?, ?, ?, ?, default)
Hibernate: 
    insert 
    into
        claims
        (claim_amount, claim_type, created_at, description, incident_date, policy_id, status, updated_at, claim_id) 
    values
        (?, ?, ?, ?, ?, ?, ?, ?, default)
2026-03-10T15:05:58.724Z DEBUG 43401 --- [insurance-claim-system] [           main] org.hibernate.SQL                        : 
    insert 
    into
        claim_history
        (claim_id, reviewer_notes, status, timestamp, history_id) 
    values
        (?, ?, ?, ?, default)
Hibernate: 
    insert 
    into
        claim_history
        (claim_id, reviewer_notes, status, timestamp, history_id) 
    values
        (?, ?, ?, ?, default)
2026-03-10T15:05:58.726Z  INFO 43401 --- [insurance-claim-system] [           main] c.i.claim.service.ClaimServiceImpl       : Claim submitted successfully with ID: 1
2026-03-10T15:05:58.788Z  INFO 43401 --- [insurance-claim-system] [           main] c.i.claim.service.ClaimServiceImpl       : Reviewing claim ID: 1, action: APPROVE
2026-03-10T15:05:58.792Z DEBUG 43401 --- [insurance-claim-system] [           main] org.hibernate.SQL                        : 
    select
        c1_0.claim_id,
        c1_0.claim_amount,
        c1_0.claim_type,
        c1_0.created_at,
        c1_0.description,
        c1_0.incident_date,
        c1_0.policy_id,
        c1_0.status,
        c1_0.updated_at 
    from
        claims c1_0 
    where
        c1_0.claim_id=?
Hibernate: 
    select
        c1_0.claim_id,
        c1_0.claim_amount,
        c1_0.claim_type,
        c1_0.created_at,
        c1_0.description,
        c1_0.incident_date,
        c1_0.policy_id,
        c1_0.status,
        c1_0.updated_at 
    from
        claims c1_0 
    where
        c1_0.claim_id=?
2026-03-10T15:05:58.803Z DEBUG 43401 --- [insurance-claim-system] [           main] org.hibernate.SQL                        : 
    insert 
    into
        claim_history
        (claim_id, reviewer_notes, status, timestamp, history_id) 
    values
        (?, ?, ?, ?, default)
Hibernate: 
    insert 
    into
        claim_history
        (claim_id, reviewer_notes, status, timestamp, history_id) 
    values
        (?, ?, ?, ?, default)
2026-03-10T15:05:58.805Z DEBUG 43401 --- [insurance-claim-system] [           main] org.hibernate.SQL                        : 
    select
        p1_0.policy_id,
        p1_0.coverage_limit,
        p1_0.customer_id,
        p1_0.effective_date,
        p1_0.expiry_date,
        p1_0.policy_number,
        p1_0.status 
    from
        policies p1_0 
    where
        p1_0.policy_id=?
Hibernate: 
    select
        p1_0.policy_id,
        p1_0.coverage_limit,
        p1_0.customer_id,
        p1_0.effective_date,
        p1_0.expiry_date,
        p1_0.policy_number,
        p1_0.status 
    from
        policies p1_0 
    where
        p1_0.policy_id=?
2026-03-10T15:05:58.821Z DEBUG 43401 --- [insurance-claim-system] [           main] org.hibernate.SQL                        : 
    update
        claims 
    set
        claim_amount=?,
        claim_type=?,
        description=?,
        incident_date=?,
        policy_id=?,
        status=?,
        updated_at=? 
    where
        claim_id=?
Hibernate: 
    update
        claims 
    set
        claim_amount=?,
        claim_type=?,
        description=?,
        incident_date=?,
        policy_id=?,
        status=?,
        updated_at=? 
    where
        claim_id=?
2026-03-10T15:05:58.838Z DEBUG 43401 --- [insurance-claim-system] [           main] org.hibernate.SQL                        : 
    select
        count(*) 
    from
        claims c1_0 
    where
        c1_0.claim_id=?
Hibernate: 
    select
        count(*) 
    from
        claims c1_0 
    where
        c1_0.claim_id=?
2026-03-10T15:05:58.855Z DEBUG 43401 --- [insurance-claim-system] [           main] org.hibernate.SQL                        : 
    select
        ch1_0.history_id,
        ch1_0.claim_id,
        ch1_0.reviewer_notes,
        ch1_0.status,
        ch1_0.timestamp 
    from
        claim_history ch1_0 
    left join
        claims c1_0 
            on c1_0.claim_id=ch1_0.claim_id 
    where
        c1_0.claim_id=? 
    order by
        ch1_0.timestamp desc
Hibernate: 
    select
        ch1_0.history_id,
        ch1_0.claim_id,
        ch1_0.reviewer_notes,
        ch1_0.status,
        ch1_0.timestamp 
    from
        claim_history ch1_0 
    left join
        claims c1_0 
            on c1_0.claim_id=ch1_0.claim_id 
    where
        c1_0.claim_id=? 
    order by
        ch1_0.timestamp desc
]]></system-out>
  </testcase>
  <testcase name="getClaimHistory_AfterSubmission_HasOneHistoryEntry" classname="com.insurance.claim.controller.ClaimHistoryControllerIT" time="0.061">
    <system-out><![CDATA[2026-03-10T15:05:58.899Z  INFO 43401 --- [insurance-claim-system] [           main] c.i.claim.service.ClaimServiceImpl       : Submitting claim for policy: POL-10001, type: MEDICAL
2026-03-10T15:05:58.902Z DEBUG 43401 --- [insurance-claim-system] [           main] org.hibernate.SQL                        : 
    select
        p1_0.policy_id,
        p1_0.coverage_limit,
        c1_0.policy_id,
        c1_0.coverage_id,
        c1_0.claim_type,
        c1_0.is_active,
        c1_0.limit_amount,
        p1_0.customer_id,
        p1_0.effective_date,
        p1_0.expiry_date,
        p1_0.policy_number,
        p1_0.status 
    from
        policies p1_0 
    left join
        policy_coverages c1_0 
            on p1_0.policy_id=c1_0.policy_id 
    where
        p1_0.policy_number=?
Hibernate: 
    select
        p1_0.policy_id,
        p1_0.coverage_limit,
        c1_0.policy_id,
        c1_0.coverage_id,
        c1_0.claim_type,
        c1_0.is_active,
        c1_0.limit_amount,
        p1_0.customer_id,
        p1_0.effective_date,
        p1_0.expiry_date,
        p1_0.policy_number,
        p1_0.status 
    from
        policies p1_0 
    left join
        policy_coverages c1_0 
            on p1_0.policy_id=c1_0.policy_id 
    where
        p1_0.policy_number=?
2026-03-10T15:05:58.910Z DEBUG 43401 --- [insurance-claim-system] [           main] org.hibernate.SQL                        : 
    select
        pc1_0.coverage_id,
        pc1_0.claim_type,
        pc1_0.is_active,
        pc1_0.limit_amount,
        pc1_0.policy_id 
    from
        policy_coverages pc1_0 
    left join
        policies p1_0 
            on p1_0.policy_id=pc1_0.policy_id 
    where
        p1_0.policy_id=? 
        and pc1_0.claim_type=? 
        and pc1_0.is_active
Hibernate: 
    select
        pc1_0.coverage_id,
        pc1_0.claim_type,
        pc1_0.is_active,
        pc1_0.limit_amount,
        pc1_0.policy_id 
    from
        policy_coverages pc1_0 
    left join
        policies p1_0 
            on p1_0.policy_id=pc1_0.policy_id 
    where
        p1_0.policy_id=? 
        and pc1_0.claim_type=? 
        and pc1_0.is_active
2026-03-10T15:05:58.916Z DEBUG 43401 --- [insurance-claim-system] [           main] org.hibernate.SQL                        : 
    select
        c1_0.claim_id,
        c1_0.claim_amount,
        c1_0.claim_type,
        c1_0.created_at,
        c1_0.description,
        c1_0.incident_date,
        c1_0.policy_id,
        c1_0.status,
        c1_0.updated_at 
    from
        claims c1_0 
    where
        c1_0.policy_id=? 
        and c1_0.claim_type=? 
        and c1_0.incident_date=? 
        and c1_0.created_at>=?
Hibernate: 
    select
        c1_0.claim_id,
        c1_0.claim_amount,
        c1_0.claim_type,
        c1_0.created_at,
        c1_0.description,
        c1_0.incident_date,
        c1_0.policy_id,
        c1_0.status,
        c1_0.updated_at 
    from
        claims c1_0 
    where
        c1_0.policy_id=? 
        and c1_0.claim_type=? 
        and c1_0.incident_date=? 
        and c1_0.created_at>=?
2026-03-10T15:05:58.918Z DEBUG 43401 --- [insurance-claim-system] [           main] org.hibernate.SQL                        : 
    insert 
    into
        claims
        (claim_amount, claim_type, created_at, description, incident_date, policy_id, status, updated_at, claim_id) 
    values
        (?, ?, ?, ?, ?, ?, ?, ?, default)
Hibernate: 
    insert 
    into
        claims
        (claim_amount, claim_type, created_at, description, incident_date, policy_id, status, updated_at, claim_id) 
    values
        (?, ?, ?, ?, ?, ?, ?, ?, default)
2026-03-10T15:05:58.922Z DEBUG 43401 --- [insurance-claim-system] [           main] org.hibernate.SQL                        : 
    insert 
    into
        claim_history
        (claim_id, reviewer_notes, status, timestamp, history_id) 
    values
        (?, ?, ?, ?, default)
Hibernate: 
    insert 
    into
        claim_history
        (claim_id, reviewer_notes, status, timestamp, history_id) 
    values
        (?, ?, ?, ?, default)
2026-03-10T15:05:58.924Z  INFO 43401 --- [insurance-claim-system] [           main] c.i.claim.service.ClaimServiceImpl       : Claim submitted successfully with ID: 2
2026-03-10T15:05:58.933Z DEBUG 43401 --- [insurance-claim-system] [           main] org.hibernate.SQL                        : 
    select
        count(*) 
    from
        claims c1_0 
    where
        c1_0.claim_id=?
Hibernate: 
    select
        count(*) 
    from
        claims c1_0 
    where
        c1_0.claim_id=?
2026-03-10T15:05:58.937Z DEBUG 43401 --- [insurance-claim-system] [           main] org.hibernate.SQL                        : 
    select
        ch1_0.history_id,
        ch1_0.claim_id,
        ch1_0.reviewer_notes,
        ch1_0.status,
        ch1_0.timestamp 
    from
        claim_history ch1_0 
    left join
        claims c1_0 
            on c1_0.claim_id=ch1_0.claim_id 
    where
        c1_0.claim_id=? 
    order by
        ch1_0.timestamp desc
Hibernate: 
    select
        ch1_0.history_id,
        ch1_0.claim_id,
        ch1_0.reviewer_notes,
        ch1_0.status,
        ch1_0.timestamp 
    from
        claim_history ch1_0 
    left join
        claims c1_0 
            on c1_0.claim_id=ch1_0.claim_id 
    where
        c1_0.claim_id=? 
    order by
        ch1_0.timestamp desc
]]></system-out>
  </testcase>
  <testcase name="getClaimHistory_HistoryContainsReviewerNotes" classname="com.insurance.claim.controller.ClaimHistoryControllerIT" time="0.073">
    <system-out><![CDATA[2026-03-10T15:05:58.963Z  INFO 43401 --- [insurance-claim-system] [           main] c.i.claim.service.ClaimServiceImpl       : Submitting claim for policy: POL-10001, type: DENTAL
2026-03-10T15:05:58.964Z DEBUG 43401 --- [insurance-claim-system] [           main] org.hibernate.SQL                        : 
    select
        p1_0.policy_id,
        p1_0.coverage_limit,
        c1_0.policy_id,
        c1_0.coverage_id,
        c1_0.claim_type,
        c1_0.is_active,
        c1_0.limit_amount,
        p1_0.customer_id,
        p1_0.effective_date,
        p1_0.expiry_date,
        p1_0.policy_number,
        p1_0.status 
    from
        policies p1_0 
    left join
        policy_coverages c1_0 
            on p1_0.policy_id=c1_0.policy_id 
    where
        p1_0.policy_number=?
Hibernate: 
    select
        p1_0.policy_id,
        p1_0.coverage_limit,
        c1_0.policy_id,
        c1_0.coverage_id,
        c1_0.claim_type,
        c1_0.is_active,
        c1_0.limit_amount,
        p1_0.customer_id,
        p1_0.effective_date,
        p1_0.expiry_date,
        p1_0.policy_number,
        p1_0.status 
    from
        policies p1_0 
    left join
        policy_coverages c1_0 
            on p1_0.policy_id=c1_0.policy_id 
    where
        p1_0.policy_number=?
2026-03-10T15:05:58.972Z DEBUG 43401 --- [insurance-claim-system] [           main] org.hibernate.SQL                        : 
    select
        pc1_0.coverage_id,
        pc1_0.claim_type,
        pc1_0.is_active,
        pc1_0.limit_amount,
        pc1_0.policy_id 
    from
        policy_coverages pc1_0 
    left join
        policies p1_0 
            on p1_0.policy_id=pc1_0.policy_id 
    where
        p1_0.policy_id=? 
        and pc1_0.claim_type=? 
        and pc1_0.is_active
Hibernate: 
    select
        pc1_0.coverage_id,
        pc1_0.claim_type,
        pc1_0.is_active,
        pc1_0.limit_amount,
        pc1_0.policy_id 
    from
        policy_coverages pc1_0 
    left join
        policies p1_0 
            on p1_0.policy_id=pc1_0.policy_id 
    where
        p1_0.policy_id=? 
        and pc1_0.claim_type=? 
        and pc1_0.is_active
2026-03-10T15:05:58.976Z DEBUG 43401 --- [insurance-claim-system] [           main] org.hibernate.SQL                        : 
    select
        c1_0.claim_id,
        c1_0.claim_amount,
        c1_0.claim_type,
        c1_0.created_at,
        c1_0.description,
        c1_0.incident_date,
        c1_0.policy_id,
        c1_0.status,
        c1_0.updated_at 
    from
        claims c1_0 
    where
        c1_0.policy_id=? 
        and c1_0.claim_type=? 
        and c1_0.incident_date=? 
        and c1_0.created_at>=?
Hibernate: 
    select
        c1_0.claim_id,
        c1_0.claim_amount,
        c1_0.claim_type,
        c1_0.created_at,
        c1_0.description,
        c1_0.incident_date,
        c1_0.policy_id,
        c1_0.status,
        c1_0.updated_at 
    from
        claims c1_0 
    where
        c1_0.policy_id=? 
        and c1_0.claim_type=? 
        and c1_0.incident_date=? 
        and c1_0.created_at>=?
2026-03-10T15:05:58.980Z DEBUG 43401 --- [insurance-claim-system] [           main] org.hibernate.SQL                        : 
    insert 
    into
        claims
        (claim_amount, claim_type, created_at, description, incident_date, policy_id, status, updated_at, claim_id) 
    values
        (?, ?, ?, ?, ?, ?, ?, ?, default)
Hibernate: 
    insert 
    into
        claims
        (claim_amount, claim_type, created_at, description, incident_date, policy_id, status, updated_at, claim_id) 
    values
        (?, ?, ?, ?, ?, ?, ?, ?, default)
2026-03-10T15:05:58.981Z DEBUG 43401 --- [insurance-claim-system] [           main] org.hibernate.SQL                        : 
    insert 
    into
        claim_history
        (claim_id, reviewer_notes, status, timestamp, history_id) 
    values
        (?, ?, ?, ?, default)
Hibernate: 
    insert 
    into
        claim_history
        (claim_id, reviewer_notes, status, timestamp, history_id) 
    values
        (?, ?, ?, ?, default)
2026-03-10T15:05:58.983Z  INFO 43401 --- [insurance-claim-system] [           main] c.i.claim.service.ClaimServiceImpl       : Claim submitted successfully with ID: 3
2026-03-10T15:05:58.993Z  INFO 43401 --- [insurance-claim-system] [           main] c.i.claim.service.ClaimServiceImpl       : Reviewing claim ID: 3, action: REJECT
2026-03-10T15:05:58.994Z DEBUG 43401 --- [insurance-claim-system] [           main] org.hibernate.SQL                        : 
    select
        c1_0.claim_id,
        c1_0.claim_amount,
        c1_0.claim_type,
        c1_0.created_at,
        c1_0.description,
        c1_0.incident_date,
        c1_0.policy_id,
        c1_0.status,
        c1_0.updated_at 
    from
        claims c1_0 
    where
        c1_0.claim_id=?
Hibernate: 
    select
        c1_0.claim_id,
        c1_0.claim_amount,
        c1_0.claim_type,
        c1_0.created_at,
        c1_0.description,
        c1_0.incident_date,
        c1_0.policy_id,
        c1_0.status,
        c1_0.updated_at 
    from
        claims c1_0 
    where
        c1_0.claim_id=?
2026-03-10T15:05:58.997Z DEBUG 43401 --- [insurance-claim-system] [           main] org.hibernate.SQL                        : 
    insert 
    into
        claim_history
        (claim_id, reviewer_notes, status, timestamp, history_id) 
    values
        (?, ?, ?, ?, default)
Hibernate: 
    insert 
    into
        claim_history
        (claim_id, reviewer_notes, status, timestamp, history_id) 
    values
        (?, ?, ?, ?, default)
2026-03-10T15:05:58.999Z DEBUG 43401 --- [insurance-claim-system] [           main] org.hibernate.SQL                        : 
    select
        p1_0.policy_id,
        p1_0.coverage_limit,
        p1_0.customer_id,
        p1_0.effective_date,
        p1_0.expiry_date,
        p1_0.policy_number,
        p1_0.status 
    from
        policies p1_0 
    where
        p1_0.policy_id=?
Hibernate: 
    select
        p1_0.policy_id,
        p1_0.coverage_limit,
        p1_0.customer_id,
        p1_0.effective_date,
        p1_0.expiry_date,
        p1_0.policy_number,
        p1_0.status 
    from
        policies p1_0 
    where
        p1_0.policy_id=?
2026-03-10T15:05:59.002Z DEBUG 43401 --- [insurance-claim-system] [           main] org.hibernate.SQL                        : 
    update
        claims 
    set
        claim_amount=?,
        claim_type=?,
        description=?,
        incident_date=?,
        policy_id=?,
        status=?,
        updated_at=? 
    where
        claim_id=?
Hibernate: 
    update
        claims 
    set
        claim_amount=?,
        claim_type=?,
        description=?,
        incident_date=?,
        policy_id=?,
        status=?,
        updated_at=? 
    where
        claim_id=?
2026-03-10T15:05:59.009Z DEBUG 43401 --- [insurance-claim-system] [           main] org.hibernate.SQL                        : 
    select
        count(*) 
    from
        claims c1_0 
    where
        c1_0.claim_id=?
Hibernate: 
    select
        count(*) 
    from
        claims c1_0 
    where
        c1_0.claim_id=?
2026-03-10T15:05:59.014Z DEBUG 43401 --- [insurance-claim-system] [           main] org.hibernate.SQL                        : 
    select
        ch1_0.history_id,
        ch1_0.claim_id,
        ch1_0.reviewer_notes,
        ch1_0.status,
        ch1_0.timestamp 
    from
        claim_history ch1_0 
    left join
        claims c1_0 
            on c1_0.claim_id=ch1_0.claim_id 
    where
        c1_0.claim_id=? 
    order by
        ch1_0.timestamp desc
Hibernate: 
    select
        ch1_0.history_id,
        ch1_0.claim_id,
        ch1_0.reviewer_notes,
        ch1_0.status,
        ch1_0.timestamp 
    from
        claim_history ch1_0 
    left join
        claims c1_0 
            on c1_0.claim_id=ch1_0.claim_id 
    where
        c1_0.claim_id=? 
    order by
        ch1_0.timestamp desc
]]></system-out>
  </testcase>
</testsuite>