<?xml version="1.0" encoding="UTF-8"?>
<testsuite xmlns:xsi="http://www.w3.org/2001/XMLSchema-instance" xsi:noNamespaceSchemaLocation="https://maven.apache.org/surefire/maven-failsafe-plugin/xsd/failsafe-test-report-3.0.xsd" version="3.0" name="com.insurance.claim.controller.ClaimControllerIT" time="3.008" tests="10" errors="0" skipped="0" failures="0">
  <properties>
[...]
</properties>
  <testcase name="submitClaim_InactivePolicyNumber_Returns400" classname="com.insurance.claim.controller.ClaimControllerIT" time="0.163">
    <system-out><![CDATA[2026-03-10T15:05:52.853Z  INFO 43401 --- [insurance-claim-system] [           main] t.c.s.AnnotationConfigContextLoaderUtils : Could not detect default configuration classes for test class [com.insurance.claim.controller.ClaimControllerIT]: ClaimControllerIT does not declare any static, non-private, non-final, nested classes annotated with @Configuration.
2026-03-10T15:05:52.904Z  INFO 43401 --- [insurance-claim-system] [           main] .b.t.c.SpringBootTestContextBootstrapper : Found @SpringBootConfiguration com.insurance.claim.ClaimSubmissionSystemApplication for test class com.insurance.claim.controller.ClaimControllerIT

  .   ____          _            __ _ _
 /\\ / ___'_ __ _ _(_)_ __  __ _ \ \ \ \
( ( )\___ | '_ | '_| | '_ \/ _` | \ \ \ \
 \\/  ___)| |_)| | | | | || (_| |  ) ) ) )
  '  |____| .__|_| |_|_| |_\__, | / / / /
 =========|_|==============|___/=/_/_/_/
 :: Spring Boot ::                (v3.2.3)

2026-03-10T15:05:53.085Z  INFO 43401 --- [insurance-claim-system] [           main] c.i.claim.controller.ClaimControllerIT   : Starting ClaimControllerIT using Java 25.0.1 with PID 43401 (started by codespace in /workspaces/Random-ui/insurance-claim-system)
2026-03-10T15:05:53.086Z DEBUG 43401 --- [insurance-claim-system] [           main] c.i.claim.controller.ClaimControllerIT   : Running with Spring Boot v3.2.3, Spring v6.1.4
2026-03-10T15:05:53.086Z  INFO 43401 --- [insurance-claim-system] [           main] c.i.claim.controller.ClaimControllerIT   : The following 1 profile is active: "test"
2026-03-10T15:05:53.475Z  INFO 43401 --- [insurance-claim-system] [           main] .s.d.r.c.RepositoryConfigurationDelegate : Bootstrapping Spring Data JPA repositories in DEFAULT mode.
2026-03-10T15:05:53.488Z  INFO 43401 --- [insurance-claim-system] [           main] .s.d.r.c.RepositoryConfigurationDelegate : Finished Spring Data repository scanning in 12 ms. Found 4 JPA repository interfaces.
2026-03-10T15:05:53.739Z  INFO 43401 --- [insurance-claim-system] [           main] o.hibernate.jpa.internal.util.LogHelper  : HHH000204: Processing PersistenceUnitInfo [name: default]
2026-03-10T15:05:53.742Z  INFO 43401 --- [insurance-claim-system] [           main] o.h.c.internal.RegionFactoryInitiator    : HHH000026: Second-level cache disabled
2026-03-10T15:05:53.746Z  INFO 43401 --- [insurance-claim-system] [           main] o.s.o.j.p.SpringPersistenceUnitInfo      : No LoadTimeWeaver setup: ignoring JPA class transformer
2026-03-10T15:05:53.747Z  INFO 43401 --- [insurance-claim-system] [           main] com.zaxxer.hikari.HikariDataSource       : HikariPool-2 - Starting...
2026-03-10T15:05:53.750Z  INFO 43401 --- [insurance-claim-system] [           main] com.zaxxer.hikari.pool.HikariPool        : HikariPool-2 - Added connection conn2: url=jdbc:h2:mem:testdb user=SA
2026-03-10T15:05:53.750Z  INFO 43401 --- [insurance-claim-system] [           main] com.zaxxer.hikari.HikariDataSource       : HikariPool-2 - Start completed.
2026-03-10T15:05:53.751Z  WARN 43401 --- [insurance-claim-system] [           main] org.hibernate.orm.deprecation            : HHH90000025: H2Dialect does not need to be specified explicitly using 'hibernate.dialect' (remove the property setting and it will be selected by default)
2026-03-10T15:05:54.099Z  INFO 43401 --- [insurance-claim-system] [           main] o.h.e.t.j.p.i.JtaPlatformInitiator       : HHH000489: No JTA platform available (set 'hibernate.transaction.jta.platform' to enable JTA platform integration)
2026-03-10T15:05:54.100Z DEBUG 43401 --- [insurance-claim-system] [           main] org.hibernate.SQL                        : 
    drop table if exists claim_history cascade 
Hibernate: 
    drop table if exists claim_history cascade 
2026-03-10T15:05:54.100Z DEBUG 43401 --- [insurance-claim-system] [           main] org.hibernate.SQL                        : 
    drop table if exists claims cascade 
Hibernate: 
    drop table if exists claims cascade 
2026-03-10T15:05:54.100Z DEBUG 43401 --- [insurance-claim-system] [           main] org.hibernate.SQL                        : 
    drop table if exists policies cascade 
Hibernate: 
    drop table if exists policies cascade 
2026-03-10T15:05:54.100Z DEBUG 43401 --- [insurance-claim-system] [           main] org.hibernate.SQL                        : 
    drop table if exists policy_coverages cascade 
Hibernate: 
    drop table if exists policy_coverages cascade 
2026-03-10T15:05:54.101Z DEBUG 43401 --- [insurance-claim-system] [           main] org.hibernate.SQL                        : 
    create table claim_history (
        claim_id bigint not null,
        history_id bigint generated by default as identity,
        timestamp timestamp(6) not null,
        reviewer_notes TEXT,
        status varchar(255) not null check (status in ('SUBMITTED','IN_REVIEW','APPROVED','REJECTED')),
        primary key (history_id)
    )
Hibernate: 
    create table claim_history (
        claim_id bigint not null,
        history_id bigint generated by default as identity,
        timestamp timestamp(6) not null,
        reviewer_notes TEXT,
        status varchar(255) not null check (status in ('SUBMITTED','IN_REVIEW','APPROVED','REJECTED')),
        primary key (history_id)
    )
2026-03-10T15:05:54.104Z DEBUG 43401 --- [insurance-claim-system] [           main] org.hibernate.SQL                        : 
    create table claims (
        claim_amount numeric(15,2) not null,
        incident_date date not null,
        claim_id bigint generated by default as identity,
        created_at timestamp(6) not null,
        policy_id bigint not null,
        updated_at timestamp(6) not null,
        claim_type varchar(255) not null check (claim_type in ('MEDICAL','DENTAL','VISION','LIFE','AUTO','HOME','DISABILITY')),
        description TEXT,
        status varchar(255) not null check (status in ('SUBMITTED','IN_REVIEW','APPROVED','REJECTED')),
        primary key (claim_id)
    )
Hibernate: 
    create table claims (
        claim_amount numeric(15,2) not null,
        incident_date date not null,
        claim_id bigint generated by default as identity,
        created_at timestamp(6) not null,
        policy_id bigint not null,
        updated_at timestamp(6) not null,
        claim_type varchar(255) not null check (claim_type in ('MEDICAL','DENTAL','VISION','LIFE','AUTO','HOME','DISABILITY')),
        description TEXT,
        status varchar(255) not null check (status in ('SUBMITTED','IN_REVIEW','APPROVED','REJECTED')),
        primary key (claim_id)
    )
2026-03-10T15:05:54.107Z DEBUG 43401 --- [insurance-claim-system] [           main] org.hibernate.SQL                        : 
    create table policies (
        coverage_limit numeric(15,2) not null,
        effective_date date not null,
        expiry_date date not null,
        customer_id bigint not null,
        policy_id bigint generated by default as identity,
        policy_number varchar(20) not null unique,
        status varchar(255) not null check (status in ('ACTIVE','INACTIVE','EXPIRED','CANCELLED','PENDING')),
        primary key (policy_id)
    )
Hibernate: 
    create table policies (
        coverage_limit numeric(15,2) not null,
        effective_date date not null,
        expiry_date date not null,
        customer_id bigint not null,
        policy_id bigint generated by default as identity,
        policy_number varchar(20) not null unique,
        status varchar(255) not null check (status in ('ACTIVE','INACTIVE','EXPIRED','CANCELLED','PENDING')),
        primary key (policy_id)
    )
2026-03-10T15:05:54.109Z DEBUG 43401 --- [insurance-claim-system] [           main] org.hibernate.SQL                        : 
    create table policy_coverages (
        is_active boolean not null,
        limit_amount numeric(15,2) not null,
        coverage_id bigint generated by default as identity,
        policy_id bigint not null,
        claim_type varchar(255) not null check (claim_type in ('MEDICAL','DENTAL','VISION','LIFE','AUTO','HOME','DISABILITY')),
        primary key (coverage_id)
    )
Hibernate: 
    create table policy_coverages (
        is_active boolean not null,
        limit_amount numeric(15,2) not null,
        coverage_id bigint generated by default as identity,
        policy_id bigint not null,
        claim_type varchar(255) not null check (claim_type in ('MEDICAL','DENTAL','VISION','LIFE','AUTO','HOME','DISABILITY')),
        primary key (coverage_id)
    )
2026-03-10T15:05:54.111Z DEBUG 43401 --- [insurance-claim-system] [           main] org.hibernate.SQL                        : 
    alter table if exists claim_history 
       add constraint FK7rwd67t6qlvmcg8v8wvrn0c4g 
       foreign key (claim_id) 
       references claims
Hibernate: 
    alter table if exists claim_history 
       add constraint FK7rwd67t6qlvmcg8v8wvrn0c4g 
       foreign key (claim_id) 
       references claims
2026-03-10T15:05:54.114Z DEBUG 43401 --- [insurance-claim-system] [           main] org.hibernate.SQL                        : 
    alter table if exists claims 
       add constraint FKm0w2xffwe13pmkusoxnxuim7j 
       foreign key (policy_id) 
       references policies
Hibernate: 
    alter table if exists claims 
       add constraint FKm0w2xffwe13pmkusoxnxuim7j 
       foreign key (policy_id) 
       references policies
2026-03-10T15:05:54.117Z DEBUG 43401 --- [insurance-claim-system] [           main] org.hibernate.SQL                        : 
    alter table if exists policy_coverages 
       add constraint FKqdefux84m40nst7vif6lss9te 
       foreign key (policy_id) 
       references policies
Hibernate: 
    alter table if exists policy_coverages 
       add constraint FKqdefux84m40nst7vif6lss9te 
       foreign key (policy_id) 
       references policies
2026-03-10T15:05:54.120Z  INFO 43401 --- [insurance-claim-system] [           main] j.LocalContainerEntityManagerFactoryBean : Initialized JPA EntityManagerFactory for persistence unit 'default'
2026-03-10T15:05:55.111Z  INFO 43401 --- [insurance-claim-system] [           main] o.s.b.t.m.w.SpringBootMockServletContext : Initializing Spring TestDispatcherServlet ''
2026-03-10T15:05:55.111Z  INFO 43401 --- [insurance-claim-system] [           main] o.s.t.web.servlet.TestDispatcherServlet  : Initializing Servlet ''
2026-03-10T15:05:55.117Z  INFO 43401 --- [insurance-claim-system] [           main] o.s.b.a.e.web.EndpointLinksResolver      : Exposing 3 endpoint(s) beneath base path '/actuator'
2026-03-10T15:05:55.130Z  INFO 43401 --- [insurance-claim-system] [           main] o.s.t.web.servlet.TestDispatcherServlet  : Completed initialization in 19 ms
2026-03-10T15:05:55.162Z  INFO 43401 --- [insurance-claim-system] [           main] c.i.claim.controller.ClaimControllerIT   : Started ClaimControllerIT in 2.224 seconds (process running for 24.317)
2026-03-10T15:05:55.332Z  INFO 43401 --- [insurance-claim-system] [           main] c.i.claim.service.ClaimServiceImpl       : Submitting claim for policy: POL-10004, type: MEDICAL
2026-03-10T15:05:55.336Z DEBUG 43401 --- [insurance-claim-system] [           main] org.hibernate.SQL                        : 
    select
        p1_0.policy_id,
        p1_0.coverage_limit,
        c1_0.policy_id,
        c1_0.coverage_id,
        c1_0.claim_type,
        c1_0.is_active,
        c1_0.limit_amount,
        p1_0.customer_id,
        p1_0.effective_date,
        p1_0.expiry_date,
        p1_0.policy_number,
        p1_0.status 
    from
        policies p1_0 
    left join
        policy_coverages c1_0 
            on p1_0.policy_id=c1_0.policy_id 
    where
        p1_0.policy_number=?
Hibernate: 
    select
        p1_0.policy_id,
        p1_0.coverage_limit,
        c1_0.policy_id,
        c1_0.coverage_id,
        c1_0.claim_type,
        c1_0.is_active,
        c1_0.limit_amount,
        p1_0.customer_id,
        p1_0.effective_date,
        p1_0.expiry_date,
        p1_0.policy_number,
        p1_0.status 
    from
        policies p1_0 
    left join
        policy_coverages c1_0 
            on p1_0.policy_id=c1_0.policy_id 
    where
        p1_0.policy_number=?
2026-03-10T15:05:55.343Z  WARN 43401 --- [insurance-claim-system] [           main] c.i.c.exception.GlobalExceptionHandler   : Policy inactive: Policy POL-10004 is not active. Current status: INACTIVE
]]></system-out>
  </testcase>
  <testcase name="submitClaim_ValidRequest_Returns201" classname="com.insurance.claim.controller.ClaimControllerIT" time="0.138">
    <system-out><![CDATA[2026-03-10T15:05:55.360Z  INFO 43401 --- [insurance-claim-system] [           main] c.i.claim.service.ClaimServiceImpl       : Submitting claim for policy: POL-10001, type: MEDICAL
2026-03-10T15:05:55.361Z DEBUG 43401 --- [insurance-claim-system] [           main] org.hibernate.SQL                        : 
    select
        p1_0.policy_id,
        p1_0.coverage_limit,
        c1_0.policy_id,
        c1_0.coverage_id,
        c1_0.claim_type,
        c1_0.is_active,
        c1_0.limit_amount,
        p1_0.customer_id,
        p1_0.effective_date,
        p1_0.expiry_date,
        p1_0.policy_number,
        p1_0.status 
    from
        policies p1_0 
    left join
        policy_coverages c1_0 
            on p1_0.policy_id=c1_0.policy_id 
    where
        p1_0.policy_number=?
Hibernate: 
    select
        p1_0.policy_id,
        p1_0.coverage_limit,
        c1_0.policy_id,
        c1_0.coverage_id,
        c1_0.claim_type,
        c1_0.is_active,
        c1_0.limit_amount,
        p1_0.customer_id,
        p1_0.effective_date,
        p1_0.expiry_date,
        p1_0.policy_number,
        p1_0.status 
    from
        policies p1_0 
    left join
        policy_coverages c1_0 
            on p1_0.policy_id=c1_0.policy_id 
    where
        p1_0.policy_number=?
2026-03-10T15:05:55.411Z DEBUG 43401 --- [insurance-claim-system] [           main] org.hibernate.SQL                        : 
    select
        pc1_0.coverage_id,
        pc1_0.claim_type,
        pc1_0.is_active,
        pc1_0.limit_amount,
        pc1_0.policy_id 
    from
        policy_coverages pc1_0 
    left join
        policies p1_0 
            on p1_0.policy_id=pc1_0.policy_id 
    where
        p1_0.policy_id=? 
        and pc1_0.claim_type=? 
        and pc1_0.is_active
Hibernate: 
    select
        pc1_0.coverage_id,
        pc1_0.claim_type,
        pc1_0.is_active,
        pc1_0.limit_amount,
        pc1_0.policy_id 
    from
        policy_coverages pc1_0 
    left join
        policies p1_0 
            on p1_0.policy_id=pc1_0.policy_id 
    where
        p1_0.policy_id=? 
        and pc1_0.claim_type=? 
        and pc1_0.is_active
2026-03-10T15:05:55.424Z DEBUG 43401 --- [insurance-claim-system] [           main] org.hibernate.SQL                        : 
    select
        c1_0.claim_id,
        c1_0.claim_amount,
        c1_0.claim_type,
        c1_0.created_at,
        c1_0.description,
        c1_0.incident_date,
        c1_0.policy_id,
        c1_0.status,
        c1_0.updated_at 
    from
        claims c1_0 
    where
        c1_0.policy_id=? 
        and c1_0.claim_type=? 
        and c1_0.incident_date=? 
        and c1_0.created_at>=?
Hibernate: 
    select
        c1_0.claim_id,
        c1_0.claim_amount,
        c1_0.claim_type,
        c1_0.created_at,
        c1_0.description,
        c1_0.incident_date,
        c1_0.policy_id,
        c1_0.status,
        c1_0.updated_at 
    from
        claims c1_0 
    where
        c1_0.policy_id=? 
        and c1_0.claim_type=? 
        and c1_0.incident_date=? 
        and c1_0.created_at>=?
2026-03-10T15:05:55.451Z DEBUG 43401 --- [insurance-claim-system] [           main] org.hibernate.SQL                        : 
    insert 
    into
        claims
        (claim_amount, claim_type, created_at, description, incident_date, policy_id, status, updated_at, claim_id) 
    values
        (?, ?, ?, ?, ?, ?, ?, ?, default)
Hibernate: 
    insert 
    into
        claims
        (claim_amount, claim_type, created_at, description, incident_date, policy_id, status, updated_at, claim_id) 
    values
        (?, ?, ?, ?, ?, ?, ?, ?, default)
2026-03-10T15:05:55.461Z DEBUG 43401 --- [insurance-claim-system] [           main] org.hibernate.SQL                        : 
    insert 
    into
        claim_history
        (claim_id, reviewer_notes, status, timestamp, history_id) 
    values
        (?, ?, ?, ?, default)
Hibernate: 
    insert 
    into
        claim_history
        (claim_id, reviewer_notes, status, timestamp, history_id) 
    values
        (?, ?, ?, ?, default)
2026-03-10T15:05:55.463Z  INFO 43401 --- [insurance-claim-system] [           main] c.i.claim.service.ClaimServiceImpl       : Claim submitted successfully with ID: 1
]]></system-out>
  </testcase>
  <testcase name="reviewClaim_ApproveClaim_Returns200" classname="com.insurance.claim.controller.ClaimControllerIT" time="0.097">
    <system-out><![CDATA[2026-03-10T15:05:55.498Z  INFO 43401 --- [insurance-claim-system] [           main] c.i.claim.service.ClaimServiceImpl       : Submitting claim for policy: POL-10002, type: MEDICAL
2026-03-10T15:05:55.501Z DEBUG 43401 --- [insurance-claim-system] [           main] org.hibernate.SQL                        : 
    select
        p1_0.policy_id,
        p1_0.coverage_limit,
        c1_0.policy_id,
        c1_0.coverage_id,
        c1_0.claim_type,
        c1_0.is_active,
        c1_0.limit_amount,
        p1_0.customer_id,
        p1_0.effective_date,
        p1_0.expiry_date,
        p1_0.policy_number,
        p1_0.status 
    from
        policies p1_0 
    left join
        policy_coverages c1_0 
            on p1_0.policy_id=c1_0.policy_id 
    where
        p1_0.policy_number=?
Hibernate: 
    select
        p1_0.policy_id,
        p1_0.coverage_limit,
        c1_0.policy_id,
        c1_0.coverage_id,
        c1_0.claim_type,
        c1_0.is_active,
        c1_0.limit_amount,
        p1_0.customer_id,
        p1_0.effective_date,
        p1_0.expiry_date,
        p1_0.policy_number,
        p1_0.status 
    from
        policies p1_0 
    left join
        policy_coverages c1_0 
            on p1_0.policy_id=c1_0.policy_id 
    where
        p1_0.policy_number=?
2026-03-10T15:05:55.507Z DEBUG 43401 --- [insurance-claim-system] [           main] org.hibernate.SQL                        : 
    select
        pc1_0.coverage_id,
        pc1_0.claim_type,
        pc1_0.is_active,
        pc1_0.limit_amount,
        pc1_0.policy_id 
    from
        policy_coverages pc1_0 
    left join
        policies p1_0 
            on p1_0.policy_id=pc1_0.policy_id 
    where
        p1_0.policy_id=? 
        and pc1_0.claim_type=? 
        and pc1_0.is_active
Hibernate: 
    select
        pc1_0.coverage_id,
        pc1_0.claim_type,
        pc1_0.is_active,
        pc1_0.limit_amount,
        pc1_0.policy_id 
    from
        policy_coverages pc1_0 
    left join
        policies p1_0 
            on p1_0.policy_id=pc1_0.policy_id 
    where
        p1_0.policy_id=? 
        and pc1_0.claim_type=? 
        and pc1_0.is_active
2026-03-10T15:05:55.510Z DEBUG 43401 --- [insurance-claim-system] [           main] org.hibernate.SQL                        : 
    select
        c1_0.claim_id,
        c1_0.claim_amount,
        c1_0.claim_type,
        c1_0.created_at,
        c1_0.description,
        c1_0.incident_date,
        c1_0.policy_id,
        c1_0.status,
        c1_0.updated_at 
    from
        claims c1_0 
    where
        c1_0.policy_id=? 
        and c1_0.claim_type=? 
        and c1_0.incident_date=? 
        and c1_0.created_at>=?
Hibernate: 
    select
        c1_0.claim_id,
        c1_0.claim_amount,
        c1_0.claim_type,
        c1_0.created_at,
        c1_0.description,
        c1_0.incident_date,
        c1_0.policy_id,
        c1_0.status,
        c1_0.updated_at 
    from
        claims c1_0 
    where
        c1_0.policy_id=? 
        and c1_0.claim_type=? 
        and c1_0.incident_date=? 
        and c1_0.created_at>=?
2026-03-10T15:05:55.511Z DEBUG 43401 --- [insurance-claim-system] [           main] org.hibernate.SQL                        : 
    insert 
    into
        claims
        (claim_amount, claim_type, created_at, description, incident_date, policy_id, status, updated_at, claim_id) 
    values
        (?, ?, ?, ?, ?, ?, ?, ?, default)
Hibernate: 
    insert 
    into
        claims
        (claim_amount, claim_type, created_at, description, incident_date, policy_id, status, updated_at, claim_id) 
    values
        (?, ?, ?, ?, ?, ?, ?, ?, default)
2026-03-10T15:05:55.513Z DEBUG 43401 --- [insurance-claim-system] [           main] org.hibernate.SQL                        : 
    insert 
    into
        claim_history
        (claim_id, reviewer_notes, status, timestamp, history_id) 
    values
        (?, ?, ?, ?, default)
Hibernate: 
    insert 
    into
        claim_history
        (claim_id, reviewer_notes, status, timestamp, history_id) 
    values
        (?, ?, ?, ?, default)
2026-03-10T15:05:55.515Z  INFO 43401 --- [insurance-claim-system] [           main] c.i.claim.service.ClaimServiceImpl       : Claim submitted successfully with ID: 2
2026-03-10T15:05:55.534Z  INFO 43401 --- [insurance-claim-system] [           main] c.i.claim.service.ClaimServiceImpl       : Reviewing claim ID: 2, action: APPROVE
2026-03-10T15:05:55.547Z DEBUG 43401 --- [insurance-claim-system] [           main] org.hibernate.SQL                        : 
    select
        c1_0.claim_id,
        c1_0.claim_amount,
        c1_0.claim_type,
        c1_0.created_at,
        c1_0.description,
        c1_0.incident_date,
        c1_0.policy_id,
        c1_0.status,
        c1_0.updated_at 
    from
        claims c1_0 
    where
        c1_0.claim_id=?
Hibernate: 
    select
        c1_0.claim_id,
        c1_0.claim_amount,
        c1_0.claim_type,
        c1_0.created_at,
        c1_0.description,
        c1_0.incident_date,
        c1_0.policy_id,
        c1_0.status,
        c1_0.updated_at 
    from
        claims c1_0 
    where
        c1_0.claim_id=?
2026-03-10T15:05:55.557Z DEBUG 43401 --- [insurance-claim-system] [           main] org.hibernate.SQL                        : 
    insert 
    into
        claim_history
        (claim_id, reviewer_notes, status, timestamp, history_id) 
    values
        (?, ?, ?, ?, default)
Hibernate: 
    insert 
    into
        claim_history
        (claim_id, reviewer_notes, status, timestamp, history_id) 
    values
        (?, ?, ?, ?, default)
2026-03-10T15:05:55.560Z DEBUG 43401 --- [insurance-claim-system] [           main] org.hibernate.SQL                        : 
    select
        p1_0.policy_id,
        p1_0.coverage_limit,
        p1_0.customer_id,
        p1_0.effective_date,
        p1_0.expiry_date,
        p1_0.policy_number,
        p1_0.status 
    from
        policies p1_0 
    where
        p1_0.policy_id=?
Hibernate: 
    select
        p1_0.policy_id,
        p1_0.coverage_limit,
        p1_0.customer_id,
        p1_0.effective_date,
        p1_0.expiry_date,
        p1_0.policy_number,
        p1_0.status 
    from
        policies p1_0 
    where
        p1_0.policy_id=?
2026-03-10T15:05:55.574Z DEBUG 43401 --- [insurance-claim-system] [           main] org.hibernate.SQL                        : 
    update
        claims 
    set
        claim_amount=?,
        claim_type=?,
        description=?,
        incident_date=?,
        policy_id=?,
        status=?,
        updated_at=? 
    where
        claim_id=?
Hibernate: 
    update
        claims 
    set
        claim_amount=?,
        claim_type=?,
        description=?,
        incident_date=?,
        policy_id=?,
        status=?,
        updated_at=? 
    where
        claim_id=?
]]></system-out>
  </testcase>
  <testcase name="getClaimStatus_NonExistent_Returns404" classname="com.insurance.claim.controller.ClaimControllerIT" time="0.015">
    <system-out><![CDATA[2026-03-10T15:05:55.597Z DEBUG 43401 --- [insurance-claim-system] [           main] org.hibernate.SQL                        : 
    select
        c1_0.claim_id,
        c1_0.claim_amount,
        c1_0.claim_type,
        c1_0.created_at,
        c1_0.description,
        c1_0.incident_date,
        c1_0.policy_id,
        c1_0.status,
        c1_0.updated_at 
    from
        claims c1_0 
    where
        c1_0.claim_id=?
Hibernate: 
    select
        c1_0.claim_id,
        c1_0.claim_amount,
        c1_0.claim_type,
        c1_0.created_at,
        c1_0.description,
        c1_0.incident_date,
        c1_0.policy_id,
        c1_0.status,
        c1_0.updated_at 
    from
        claims c1_0 
    where
        c1_0.claim_id=?
2026-03-10T15:05:55.600Z  WARN 43401 --- [insurance-claim-system] [           main] c.i.c.exception.GlobalExceptionHandler   : Claim not found: Claim not found with ID: 999999
]]></system-out>
  </testcase>
  <testcase name="submitClaim_InvalidPolicyNumber_Returns400" classname="com.insurance.claim.controller.ClaimControllerIT" time="0.022">
    <system-out><![CDATA[2026-03-10T15:05:55.621Z  WARN 43401 --- [insurance-claim-system] [           main] c.i.c.exception.GlobalExceptionHandler   : Validation failed: [Policy number must match format POL-XXXXX (e.g., POL-12345)]
]]></system-out>
  </testcase>
  <testcase name="getPolicy_NotFound_Returns404" classname="com.insurance.claim.controller.ClaimControllerIT" time="0.025">
    <system-out><![CDATA[2026-03-10T15:05:55.645Z  INFO 43401 --- [insurance-claim-system] [           main] c.i.claim.service.PolicyServiceImpl      : Fetching policy: POL-99999
2026-03-10T15:05:55.646Z DEBUG 43401 --- [insurance-claim-system] [           main] org.hibernate.SQL                        : 
    select
        p1_0.policy_id,
        p1_0.coverage_limit,
        c1_0.policy_id,
        c1_0.coverage_id,
        c1_0.claim_type,
        c1_0.is_active,
        c1_0.limit_amount,
        p1_0.customer_id,
        p1_0.effective_date,
        p1_0.expiry_date,
        p1_0.policy_number,
        p1_0.status 
    from
        policies p1_0 
    left join
        policy_coverages c1_0 
            on p1_0.policy_id=c1_0.policy_id 
    where
        p1_0.policy_number=?
Hibernate: 
    select
        p1_0.policy_id,
        p1_0.coverage_limit,
        c1_0.policy_id,
        c1_0.coverage_id,
        c1_0.claim_type,
        c1_0.is_active,
        c1_0.limit_amount,
        p1_0.customer_id,
        p1_0.effective_date,
        p1_0.expiry_date,
        p1_0.policy_number,
        p1_0.status 
    from
        policies p1_0 
    left join
        policy_coverages c1_0 
            on p1_0.policy_id=c1_0.policy_id 
    where
        p1_0.policy_number=?
2026-03-10T15:05:55.648Z  WARN 43401 --- [insurance-claim-system] [           main] c.i.c.exception.GlobalExceptionHandler   : Policy not found: Policy not found: POL-99999
]]></system-out>
  </testcase>
  <testcase name="submitClaim_FutureIncidentDate_Returns400" classname="com.insurance.claim.controller.ClaimControllerIT" time="0.017">
    <system-out><![CDATA[2026-03-10T15:05:55.669Z  WARN 43401 --- [insurance-claim-system] [           main] c.i.c.exception.GlobalExceptionHandler   : Validation failed: [Incident date must not be in the future]
]]></system-out>
  </testcase>
  <testcase name="getPolicy_ValidPolicyNumber_Returns200" classname="com.insurance.claim.controller.ClaimControllerIT" time="0.053">
    <system-out><![CDATA[2026-03-10T15:05:55.697Z  INFO 43401 --- [insurance-claim-system] [           main] c.i.claim.service.PolicyServiceImpl      : Fetching policy: POL-10001
2026-03-10T15:05:55.701Z DEBUG 43401 --- [insurance-claim-system] [           main] org.hibernate.SQL                        : 
    select
        p1_0.policy_id,
        p1_0.coverage_limit,
        c1_0.policy_id,
        c1_0.coverage_id,
        c1_0.claim_type,
        c1_0.is_active,
        c1_0.limit_amount,
        p1_0.customer_id,
        p1_0.effective_date,
        p1_0.expiry_date,
        p1_0.policy_number,
        p1_0.status 
    from
        policies p1_0 
    left join
        policy_coverages c1_0 
            on p1_0.policy_id=c1_0.policy_id 
    where
        p1_0.policy_number=?
Hibernate: 
    select
        p1_0.policy_id,
        p1_0.coverage_limit,
        c1_0.policy_id,
        c1_0.coverage_id,
        c1_0.claim_type,
        c1_0.is_active,
        c1_0.limit_amount,
        p1_0.customer_id,
        p1_0.effective_date,
        p1_0.expiry_date,
        p1_0.policy_number,
        p1_0.status 
    from
        policies p1_0 
    left join
        policy_coverages c1_0 
            on p1_0.policy_id=c1_0.policy_id 
    where
        p1_0.policy_number=?
]]></system-out>
  </testcase>
  <testcase name="submitClaim_ExceedsCoverageLimit_Returns400" classname="com.insurance.claim.controller.ClaimControllerIT" time="0.031">
    <system-out><![CDATA[2026-03-10T15:05:55.747Z  INFO 43401 --- [insurance-claim-system] [           main] c.i.claim.service.ClaimServiceImpl       : Submitting claim for policy: POL-10001, type: MEDICAL
2026-03-10T15:05:55.750Z DEBUG 43401 --- [insurance-claim-system] [           main] org.hibernate.SQL                        : 
    select
        p1_0.policy_id,
        p1_0.coverage_limit,
        c1_0.policy_id,
        c1_0.coverage_id,
        c1_0.claim_type,
        c1_0.is_active,
        c1_0.limit_amount,
        p1_0.customer_id,
        p1_0.effective_date,
        p1_0.expiry_date,
        p1_0.policy_number,
        p1_0.status 
    from
        policies p1_0 
    left join
        policy_coverages c1_0 
            on p1_0.policy_id=c1_0.policy_id 
    where
        p1_0.policy_number=?
Hibernate: 
    select
        p1_0.policy_id,
        p1_0.coverage_limit,
        c1_0.policy_id,
        c1_0.coverage_id,
        c1_0.claim_type,
        c1_0.is_active,
        c1_0.limit_amount,
        p1_0.customer_id,
        p1_0.effective_date,
        p1_0.expiry_date,
        p1_0.policy_number,
        p1_0.status 
    from
        policies p1_0 
    left join
        policy_coverages c1_0 
            on p1_0.policy_id=c1_0.policy_id 
    where
        p1_0.policy_number=?
2026-03-10T15:05:55.755Z DEBUG 43401 --- [insurance-claim-system] [           main] org.hibernate.SQL                        : 
    select
        pc1_0.coverage_id,
        pc1_0.claim_type,
        pc1_0.is_active,
        pc1_0.limit_amount,
        pc1_0.policy_id 
    from
        policy_coverages pc1_0 
    left join
        policies p1_0 
            on p1_0.policy_id=pc1_0.policy_id 
    where
        p1_0.policy_id=? 
        and pc1_0.claim_type=? 
        and pc1_0.is_active
Hibernate: 
    select
        pc1_0.coverage_id,
        pc1_0.claim_type,
        pc1_0.is_active,
        pc1_0.limit_amount,
        pc1_0.policy_id 
    from
        policy_coverages pc1_0 
    left join
        policies p1_0 
            on p1_0.policy_id=pc1_0.policy_id 
    where
        p1_0.policy_id=? 
        and pc1_0.claim_type=? 
        and pc1_0.is_active
2026-03-10T15:05:55.758Z  WARN 43401 --- [insurance-claim-system] [           main] c.i.c.exception.GlobalExceptionHandler   : Coverage exceeded: Claim amount 99000.00 exceeds coverage limit 50000.00 for claim type MEDICAL
]]></system-out>
  </testcase>
  <testcase name="getClaimsByPolicy_ExistingPolicy_Returns200" classname="com.insurance.claim.controller.ClaimControllerIT" time="0.04">
    <system-out><![CDATA[2026-03-10T15:05:55.773Z  INFO 43401 --- [insurance-claim-system] [           main] c.i.claim.service.ClaimServiceImpl       : Submitting claim for policy: POL-10001, type: DENTAL
2026-03-10T15:05:55.775Z DEBUG 43401 --- [insurance-claim-system] [           main] org.hibernate.SQL                        : 
    select
        p1_0.policy_id,
        p1_0.coverage_limit,
        c1_0.policy_id,
        c1_0.coverage_id,
        c1_0.claim_type,
        c1_0.is_active,
        c1_0.limit_amount,
        p1_0.customer_id,
        p1_0.effective_date,
        p1_0.expiry_date,
        p1_0.policy_number,
        p1_0.status 
    from
        policies p1_0 
    left join
        policy_coverages c1_0 
            on p1_0.policy_id=c1_0.policy_id 
    where
        p1_0.policy_number=?
Hibernate: 
    select
        p1_0.policy_id,
        p1_0.coverage_limit,
        c1_0.policy_id,
        c1_0.coverage_id,
        c1_0.claim_type,
        c1_0.is_active,
        c1_0.limit_amount,
        p1_0.customer_id,
        p1_0.effective_date,
        p1_0.expiry_date,
        p1_0.policy_number,
        p1_0.status 
    from
        policies p1_0 
    left join
        policy_coverages c1_0 
            on p1_0.policy_id=c1_0.policy_id 
    where
        p1_0.policy_number=?
2026-03-10T15:05:55.780Z DEBUG 43401 --- [insurance-claim-system] [           main] org.hibernate.SQL                        : 
    select
        pc1_0.coverage_id,
        pc1_0.claim_type,
        pc1_0.is_active,
        pc1_0.limit_amount,
        pc1_0.policy_id 
    from
        policy_coverages pc1_0 
    left join
        policies p1_0 
            on p1_0.policy_id=pc1_0.policy_id 
    where
        p1_0.policy_id=? 
        and pc1_0.claim_type=? 
        and pc1_0.is_active
Hibernate: 
    select
        pc1_0.coverage_id,
        pc1_0.claim_type,
        pc1_0.is_active,
        pc1_0.limit_amount,
        pc1_0.policy_id 
    from
        policy_coverages pc1_0 
    left join
        policies p1_0 
            on p1_0.policy_id=pc1_0.policy_id 
    where
        p1_0.policy_id=? 
        and pc1_0.claim_type=? 
        and pc1_0.is_active
2026-03-10T15:05:55.783Z DEBUG 43401 --- [insurance-claim-system] [           main] org.hibernate.SQL                        : 
    select
        c1_0.claim_id,
        c1_0.claim_amount,
        c1_0.claim_type,
        c1_0.created_at,
        c1_0.description,
        c1_0.incident_date,
        c1_0.policy_id,
        c1_0.status,
        c1_0.updated_at 
    from
        claims c1_0 
    where
        c1_0.policy_id=? 
        and c1_0.claim_type=? 
        and c1_0.incident_date=? 
        and c1_0.created_at>=?
Hibernate: 
    select
        c1_0.claim_id,
        c1_0.claim_amount,
        c1_0.claim_type,
        c1_0.created_at,
        c1_0.description,
        c1_0.incident_date,
        c1_0.policy_id,
        c1_0.status,
        c1_0.updated_at 
    from
        claims c1_0 
    where
        c1_0.policy_id=? 
        and c1_0.claim_type=? 
        and c1_0.incident_date=? 
        and c1_0.created_at>=?
2026-03-10T15:05:55.785Z DEBUG 43401 --- [insurance-claim-system] [           main] org.hibernate.SQL                        : 
    insert 
    into
        claims
        (claim_amount, claim_type, created_at, description, incident_date, policy_id, status, updated_at, claim_id) 
    values
        (?, ?, ?, ?, ?, ?, ?, ?, default)
Hibernate: 
    insert 
    into
        claims
        (claim_amount, claim_type, created_at, description, incident_date, policy_id, status, updated_at, claim_id) 
    values
        (?, ?, ?, ?, ?, ?, ?, ?, default)
2026-03-10T15:05:55.786Z DEBUG 43401 --- [insurance-claim-system] [           main] org.hibernate.SQL                        : 
    insert 
    into
        claim_history
        (claim_id, reviewer_notes, status, timestamp, history_id) 
    values
        (?, ?, ?, ?, default)
Hibernate: 
    insert 
    into
        claim_history
        (claim_id, reviewer_notes, status, timestamp, history_id) 
    values
        (?, ?, ?, ?, default)
2026-03-10T15:05:55.787Z  INFO 43401 --- [insurance-claim-system] [           main] c.i.claim.service.ClaimServiceImpl       : Claim submitted successfully with ID: 3
2026-03-10T15:05:55.795Z DEBUG 43401 --- [insurance-claim-system] [           main] org.hibernate.SQL                        : 
    select
        c1_0.claim_id,
        c1_0.claim_amount,
        c1_0.claim_type,
        c1_0.created_at,
        c1_0.description,
        c1_0.incident_date,
        c1_0.policy_id,
        c1_0.status,
        c1_0.updated_at 
    from
        claims c1_0 
    left join
        policies p1_0 
            on p1_0.policy_id=c1_0.policy_id 
    where
        p1_0.policy_id=?
Hibernate: 
    select
        c1_0.claim_id,
        c1_0.claim_amount,
        c1_0.claim_type,
        c1_0.created_at,
        c1_0.description,
        c1_0.incident_date,
        c1_0.policy_id,
        c1_0.status,
        c1_0.updated_at 
    from
        claims c1_0 
    left join
        policies p1_0 
            on p1_0.policy_id=c1_0.policy_id 
    where
        p1_0.policy_id=?
2026-03-10T15:05:55.798Z DEBUG 43401 --- [insurance-claim-system] [           main] org.hibernate.SQL                        : 
    select
        p1_0.policy_id,
        p1_0.coverage_limit,
        p1_0.customer_id,
        p1_0.effective_date,
        p1_0.expiry_date,
        p1_0.policy_number,
        p1_0.status 
    from
        policies p1_0 
    where
        p1_0.policy_id=?
Hibernate: 
    select
        p1_0.policy_id,
        p1_0.coverage_limit,
        p1_0.customer_id,
        p1_0.effective_date,
        p1_0.expiry_date,
        p1_0.policy_number,
        p1_0.status 
    from
        policies p1_0 
    where
        p1_0.policy_id=?
]]></system-out>
  </testcase>
</testsuite>